#
# There is insufficient memory for the Java Runtime Environment to continue.
# Native memory allocation (malloc) failed to allocate 822736 bytes for Chunk::new
# Possible reasons:
#   The system is out of physical RAM or swap space
#   The process is running with CompressedOops enabled, and the Java Heap may be blocking the growth of the native heap
# Possible solutions:
#   Reduce memory load on the system
#   Increase physical memory or swap space
#   Check if swap backing store is full
#   Decrease Java heap size (-Xmx/-Xms)
#   Decrease number of Java threads
#   Decrease Java thread stack sizes (-Xss)
#   Set larger code cache with -XX:ReservedCodeCacheSize=
#   JVM is running with Unscaled Compressed Oops mode in which the Java heap is
#     placed in the first 4GB address space. The Java Heap base address is the
#     maximum limit for the native heap growth. Please use -XX:HeapBaseMinAddress
#     to set the Java Heap base and to place the Java Heap above 4GB virtual address.
# This output file may be truncated or incomplete.
#
#  Out of Memory Error (./src/hotspot/share/memory/arena.cpp:197), pid=33340, tid=40568
#
# JRE version: OpenJDK Runtime Environment Corretto-11.0.12.7.1 (11.0.12+7) (build 11.0.12+7-LTS)
# Java VM: OpenJDK 64-Bit Server VM Corretto-11.0.12.7.1 (11.0.12+7-LTS, mixed mode, tiered, compressed oops, parallel gc, windows-amd64)
# No core dump will be written. Minidumps are not enabled by default on client versions of Windows
#

---------------  S U M M A R Y ------------

Command Line: --add-modules=ALL-SYSTEM --add-opens=java.base/java.util=ALL-UNNAMED --add-opens=java.base/java.lang=ALL-UNNAMED -Declipse.application=org.eclipse.jdt.ls.core.id1 -Dosgi.bundles.defaultStartLevel=4 -Declipse.product=org.eclipse.jdt.ls.core.product -Dfile.encoding=utf8 -DwatchParentProcess=false -XX:+UseParallelGC -XX:GCTimeRatio=4 -XX:AdaptiveSizePolicyWeight=90 -Dsun.zip.disableMemoryMapping=true -Xmx1G -Xms100m -Xverify:none c:\Users\kisho\.vscode\extensions\redhat.java-0.80.0\server\plugins\org.eclipse.equinox.launcher_1.6.200.v20210416-2027.jar -configuration c:\Users\kisho\AppData\Roaming\Code\User\globalStorage\redhat.java\0.80.0\config_win -data c:\Users\kisho\AppData\Roaming\Code\User\workspaceStorage\a4b931a0344a41d055aa3ee239ccd6d8\redhat.java\jdt_ws

Host: Intel(R) Core(TM) i3-7020U CPU @ 2.30GHz, 4 cores, 11G,  Windows 10 , 64 bit Build 19041 (10.0.19041.1023)
Time: Fri Jul 23 20:52:41 2021 India Standard Time elapsed time: 68.644023 seconds (0d 0h 1m 8s)

---------------  T H R E A D  ---------------

Current thread (0x000001e66b014000):  JavaThread "C2 CompilerThread0" daemon [_thread_in_native, id=40568, stack(0x000000c133f00000,0x000000c134000000)]


Current CompileTask:
C2:  68644 7779   !   4       org.eclipse.jdt.internal.compiler.classfmt.ClassFileReader::<init> (2113 bytes)

Stack: [0x000000c133f00000,0x000000c134000000]
Native frames: (J=compiled Java code, j=interpreted, Vv=VM code, C=native code)
V  [jvm.dll+0x601d7a]
V  [jvm.dll+0x78b45e]
V  [jvm.dll+0x78cb2f]
V  [jvm.dll+0x78d1f3]
V  [jvm.dll+0x24bc58]
V  [jvm.dll+0xc219c]
V  [jvm.dll+0xc275c]
V  [jvm.dll+0x3548d7]
V  [jvm.dll+0x19db19]
V  [jvm.dll+0x205642]
V  [jvm.dll+0x20471d]
V  [jvm.dll+0x18990c]
V  [jvm.dll+0x213b57]
V  [jvm.dll+0x211d1b]
V  [jvm.dll+0x74f509]
V  [jvm.dll+0x748574]
V  [jvm.dll+0x600c16]
C  [ucrtbase.dll+0x21bb2]
C  [KERNEL32.DLL+0x17034]
C  [ntdll.dll+0x52651]


---------------  P R O C E S S  ---------------

Threads class SMR info:
_java_thread_list=0x000001e66da5c540, length=28, elements={
0x000001e650f3a800, 0x000001e66afee000, 0x000001e66afef000, 0x000001e66c1a2800,
0x000001e66c1a3800, 0x000001e66b013000, 0x000001e66b014000, 0x000001e66b016000,
0x000001e66b05b800, 0x000001e66c2bb800, 0x000001e66cb38000, 0x000001e66ca27000,
0x000001e66ca1e000, 0x000001e66cc21800, 0x000001e66d356000, 0x000001e66cc0f800,
0x000001e66d326800, 0x000001e66d8f4000, 0x000001e66dc7d800, 0x000001e66dc7c000,
0x000001e66dc7b800, 0x000001e66dc7d000, 0x000001e66db69000, 0x000001e66db65800,
0x000001e66db66800, 0x000001e66db67800, 0x000001e66db68000, 0x000001e66db65000
}

Java Threads: ( => current thread )
  0x000001e650f3a800 JavaThread "main" [_thread_blocked, id=33216, stack(0x000000c133700000,0x000000c133800000)]
  0x000001e66afee000 JavaThread "Reference Handler" daemon [_thread_blocked, id=42744, stack(0x000000c133a00000,0x000000c133b00000)]
  0x000001e66afef000 JavaThread "Finalizer" daemon [_thread_blocked, id=51480, stack(0x000000c133b00000,0x000000c133c00000)]
  0x000001e66c1a2800 JavaThread "Signal Dispatcher" daemon [_thread_blocked, id=47452, stack(0x000000c133c00000,0x000000c133d00000)]
  0x000001e66c1a3800 JavaThread "Attach Listener" daemon [_thread_blocked, id=28424, stack(0x000000c133d00000,0x000000c133e00000)]
  0x000001e66b013000 JavaThread "Service Thread" daemon [_thread_blocked, id=28832, stack(0x000000c133e00000,0x000000c133f00000)]
=>0x000001e66b014000 JavaThread "C2 CompilerThread0" daemon [_thread_in_native, id=40568, stack(0x000000c133f00000,0x000000c134000000)]
  0x000001e66b016000 JavaThread "C1 CompilerThread0" daemon [_thread_blocked, id=54196, stack(0x000000c134000000,0x000000c134100000)]
  0x000001e66b05b800 JavaThread "Sweeper thread" daemon [_thread_blocked, id=55256, stack(0x000000c134100000,0x000000c134200000)]
  0x000001e66c2bb800 JavaThread "Common-Cleaner" daemon [_thread_blocked, id=41436, stack(0x000000c134200000,0x000000c134300000)]
  0x000001e66cb38000 JavaThread "Active Thread: Equinox Container: d2efa6ae-38dd-4ae4-b619-ec34491b7544" [_thread_blocked, id=15528, stack(0x000000c134500000,0x000000c134600000)]
  0x000001e66ca27000 JavaThread "Framework Event Dispatcher: Equinox Container: d2efa6ae-38dd-4ae4-b619-ec34491b7544" daemon [_thread_blocked, id=26164, stack(0x000000c134400000,0x000000c134500000)]
  0x000001e66ca1e000 JavaThread "Start Level: Equinox Container: d2efa6ae-38dd-4ae4-b619-ec34491b7544" daemon [_thread_blocked, id=56880, stack(0x000000c134600000,0x000000c134700000)]
  0x000001e66cc21800 JavaThread "SCR Component Actor" daemon [_thread_blocked, id=28792, stack(0x000000c134a00000,0x000000c134b00000)]
  0x000001e66d356000 JavaThread "Worker-JM" [_thread_blocked, id=26084, stack(0x000000c134c00000,0x000000c134d00000)]
  0x000001e66cc0f800 JavaThread "Worker-0" [_thread_blocked, id=48964, stack(0x000000c134d00000,0x000000c134e00000)]
  0x000001e66d326800 JavaThread "Worker-1" [_thread_blocked, id=26060, stack(0x000000c134e00000,0x000000c134f00000)]
  0x000001e66d8f4000 JavaThread "Java indexing" daemon [_thread_in_Java, id=55580, stack(0x000000c134f00000,0x000000c135000000)]
  0x000001e66dc7d800 JavaThread "logback configurator timer" daemon [_thread_blocked, id=52612, stack(0x000000c135000000,0x000000c135100000)]
  0x000001e66dc7c000 JavaThread "pool-2-thread-1" [_thread_in_native, id=10976, stack(0x000000c134b00000,0x000000c134c00000)]
  0x000001e66dc7b800 JavaThread "Worker-2" [_thread_blocked, id=37956, stack(0x000000c135100000,0x000000c135200000)]
  0x000001e66dc7d000 JavaThread "Worker-3" [_thread_blocked, id=852, stack(0x000000c135300000,0x000000c135400000)]
  0x000001e66db69000 JavaThread "Worker-4" [_thread_blocked, id=54972, stack(0x000000c135400000,0x000000c135500000)]
  0x000001e66db65800 JavaThread "Bundle File Closer" daemon [_thread_blocked, id=11772, stack(0x000000c135500000,0x000000c135600000)]
  0x000001e66db66800 JavaThread "Worker-5" [_thread_blocked, id=31940, stack(0x000000c135600000,0x000000c135700000)]
  0x000001e66db67800 JavaThread "ForkJoinPool.commonPool-worker-3" daemon [_thread_blocked, id=43796, stack(0x000000c135700000,0x000000c135800000)]
  0x000001e66db68000 JavaThread "ForkJoinPool.commonPool-worker-5" daemon [_thread_blocked, id=56580, stack(0x000000c135800000,0x000000c135900000)]
  0x000001e66db65000 JavaThread "ForkJoinPool.commonPool-worker-7" daemon [_thread_blocked, id=12680, stack(0x000000c135900000,0x000000c135a00000)]

Other Threads:
  0x000001e66afea800 VMThread "VM Thread" [stack: 0x000000c133900000,0x000000c133a00000] [id=46740]
  0x000001e66c360800 WatcherThread [stack: 0x000000c134300000,0x000000c134400000] [id=9160]
  0x000001e650f52800 GCTaskThread "ParGC Thread#0" [stack: 0x000000c133800000,0x000000c133900000] [id=21984]
  0x000001e66c6de800 GCTaskThread "ParGC Thread#1" [stack: 0x000000c134700000,0x000000c134800000] [id=31712]
  0x000001e66c6df000 GCTaskThread "ParGC Thread#2" [stack: 0x000000c134800000,0x000000c134900000] [id=42188]
  0x000001e66c6e0000 GCTaskThread "ParGC Thread#3" [stack: 0x000000c134900000,0x000000c134a00000] [id=22384]

Threads with active compile tasks:
C2 CompilerThread0  68914 7779   !   4       org.eclipse.jdt.internal.compiler.classfmt.ClassFileReader::<init> (2113 bytes)

VM state:not at safepoint (normal execution)

VM Mutex/Monitor currently owned by a thread: None

Heap address: 0x00000000c0000000, size: 1024 MB, Compressed Oops mode: 32-bit
Narrow klass base: 0x0000000000000000, Narrow klass shift: 3
Compressed class space size: 1073741824 Address: 0x0000000100000000

Heap:
 PSYoungGen      total 31232K, used 9674K [0x00000000eab00000, 0x00000000ed080000, 0x0000000100000000)
  eden space 25600K, 15% used [0x00000000eab00000,0x00000000eaef48f8,0x00000000ec400000)
  from space 5632K, 99% used [0x00000000ec400000,0x00000000ec97e1f8,0x00000000ec980000)
  to   space 6144K, 0% used [0x00000000eca80000,0x00000000eca80000,0x00000000ed080000)
 ParOldGen       total 178176K, used 117539K [0x00000000c0000000, 0x00000000cae00000, 0x00000000eab00000)
  object space 178176K, 65% used [0x00000000c0000000,0x00000000c72c8fe8,0x00000000cae00000)
 Metaspace       used 59893K, capacity 63097K, committed 63272K, reserved 1105920K
  class space    used 5960K, capacity 7095K, committed 7216K, reserved 1048576K

Card table byte_map: [0x000001e650930000,0x000001e650b40000] _byte_map_base: 0x000001e650330000

Marking Bits: (ParMarkBitMap*) 0x00007ffa699fcdf0
 Begin Bits: [0x000001e668660000, 0x000001e669660000)
 End Bits:   [0x000001e669660000, 0x000001e66a660000)

Polling page: 0x000001e650720000

Metaspace:

Usage:
  Non-class:     54.69 MB capacity,    52.67 MB ( 96%) used,     1.90 MB (  3%) free+waste,   125.50 KB ( <1%) overhead. 
      Class:      6.93 MB capacity,     5.82 MB ( 84%) used,     1.05 MB ( 15%) free+waste,    58.25 KB ( <1%) overhead. 
       Both:     61.62 MB capacity,    58.49 MB ( 95%) used,     2.95 MB (  5%) free+waste,   183.75 KB ( <1%) overhead. 

Virtual space:
  Non-class space:       56.00 MB reserved,      54.74 MB ( 98%) committed 
      Class space:        1.00 GB reserved,       7.05 MB ( <1%) committed 
             Both:        1.05 GB reserved,      61.79 MB (  6%) committed 

Chunk freelists:
   Non-Class:  54.00 KB
       Class:  9.00 KB
        Both:  63.00 KB

MaxMetaspaceSize: 17179869184.00 GB
CompressedClassSpaceSize: 1.00 GB
Initial GC threshold: 20.80 MB
Current GC threshold: 97.77 MB
CDS: off

CodeHeap 'non-profiled nmethods': size=120064Kb used=5355Kb max_used=5355Kb free=114708Kb
 bounds [0x000001e661120000, 0x000001e661660000, 0x000001e668660000]
CodeHeap 'profiled nmethods': size=120000Kb used=19316Kb max_used=19316Kb free=100684Kb
 bounds [0x000001e659bf0000, 0x000001e65aed0000, 0x000001e661120000]
CodeHeap 'non-nmethods': size=5696Kb used=1319Kb max_used=1381Kb free=4376Kb
 bounds [0x000001e659660000, 0x000001e6598d0000, 0x000001e659bf0000]
 total_blobs=8350 nmethods=7732 adapters=532
 compilation: enabled
              stopped_count=0, restarted_count=0
 full_count=0

Compilation events (20 events):
Event: 67.578 Thread 0x000001e66b016000 7772       3       org.eclipse.jdt.internal.compiler.classfmt.ClassFileReader::getModifiers (55 bytes)
Event: 67.579 Thread 0x000001e66b016000 nmethod 7772 0x000001e65aec3c10 code [0x000001e65aec3de0, 0x000001e65aec4128]
Event: 67.579 Thread 0x000001e66b016000 7774       1       org.eclipse.jdt.internal.compiler.classfmt.ClassFileReader::getInterfaceNames (5 bytes)
Event: 67.579 Thread 0x000001e66b016000 nmethod 7774 0x000001e661659a10 code [0x000001e661659bc0, 0x000001e661659c78]
Event: 67.581 Thread 0x000001e66b014000 nmethod 7769% 0x000001e661659d10 code [0x000001e661659ea0, 0x000001e66165a018]
Event: 67.581 Thread 0x000001e66b014000 7771       4       org.eclipse.jdt.core.compiler.CharOperation::lastIndexOf (24 bytes)
Event: 67.584 Thread 0x000001e66b016000 7776       1       org.eclipse.jdt.internal.compiler.classfmt.ClassFileReader::getSuperclassName (5 bytes)
Event: 67.584 Thread 0x000001e66b016000 nmethod 7776 0x000001e66165a110 code [0x000001e66165a2c0, 0x000001e66165a378]
Event: 67.586 Thread 0x000001e66b014000 nmethod 7771 0x000001e66165a410 code [0x000001e66165a5a0, 0x000001e66165a6b8]
Event: 67.586 Thread 0x000001e66b014000 7770       4       org.eclipse.jdt.core.compiler.CharOperation::contains (24 bytes)
Event: 67.591 Thread 0x000001e66b014000 nmethod 7770 0x000001e66165a790 code [0x000001e66165a920, 0x000001e66165aa18]
Event: 67.591 Thread 0x000001e66b014000 7775       4       org.eclipse.jdt.core.search.SearchDocument::getContainerRelativePath (27 bytes)
Event: 67.594 Thread 0x000001e66b014000 nmethod 7775 0x000001e66165ab10 code [0x000001e66165acc0, 0x000001e66165ad88]
Event: 68.253 Thread 0x000001e66b016000 7777       3       org.eclipse.jdt.internal.compiler.classfmt.InnerClassInfo::getSourceName (57 bytes)
Event: 68.253 Thread 0x000001e66b016000 nmethod 7777 0x000001e65aec4210 code [0x000001e65aec43e0, 0x000001e65aec47c8]
Event: 68.265 Thread 0x000001e66b016000 7778       3       org.eclipse.jdt.internal.compiler.util.HashtableOfObject::rehash (77 bytes)
Event: 68.265 Thread 0x000001e66b016000 nmethod 7778 0x000001e65aec4990 code [0x000001e65aec4b80, 0x000001e65aec4f18]
Event: 68.268 Thread 0x000001e66b014000 7779   !   4       org.eclipse.jdt.internal.compiler.classfmt.ClassFileReader::<init> (2113 bytes)
Event: 68.400 Thread 0x000001e66b016000 7780       3       java.nio.file.Files::newByteChannel (36 bytes)
Event: 68.401 Thread 0x000001e66b016000 nmethod 7780 0x000001e65aec5110 code [0x000001e65aec5360, 0x000001e65aec5c98]

GC Heap History (20 events):
Event: 39.405 GC heap before
{Heap before GC invocations=36 (full 4):
 PSYoungGen      total 22016K, used 21737K [0x00000000eab00000, 0x00000000ec580000, 0x0000000100000000)
  eden space 17920K, 100% used [0x00000000eab00000,0x00000000ebc80000,0x00000000ebc80000)
  from space 4096K, 93% used [0x00000000ebc80000,0x00000000ec03a410,0x00000000ec080000)
  to   space 4096K, 0% used [0x00000000ec180000,0x00000000ec180000,0x00000000ec580000)
 ParOldGen       total 120832K, used 89543K [0x00000000c0000000, 0x00000000c7600000, 0x00000000eab00000)
  object space 120832K, 74% used [0x00000000c0000000,0x00000000c5771f80,0x00000000c7600000)
 Metaspace       used 55475K, capacity 58212K, committed 58408K, reserved 1101824K
  class space    used 5585K, capacity 6605K, committed 6704K, reserved 1048576K
}
Event: 39.415 GC heap after
{Heap after GC invocations=36 (full 4):
 PSYoungGen      total 22016K, used 4073K [0x00000000eab00000, 0x00000000ec780000, 0x0000000100000000)
  eden space 17920K, 0% used [0x00000000eab00000,0x00000000eab00000,0x00000000ebc80000)
  from space 4096K, 99% used [0x00000000ec180000,0x00000000ec57a410,0x00000000ec580000)
  to   space 5120K, 0% used [0x00000000ebc80000,0x00000000ebc80000,0x00000000ec180000)
 ParOldGen       total 120832K, used 90367K [0x00000000c0000000, 0x00000000c7600000, 0x00000000eab00000)
  object space 120832K, 74% used [0x00000000c0000000,0x00000000c583ff80,0x00000000c7600000)
 Metaspace       used 55475K, capacity 58212K, committed 58408K, reserved 1101824K
  class space    used 5585K, capacity 6605K, committed 6704K, reserved 1048576K
}
Event: 43.478 GC heap before
{Heap before GC invocations=37 (full 4):
 PSYoungGen      total 22016K, used 21993K [0x00000000eab00000, 0x00000000ec780000, 0x0000000100000000)
  eden space 17920K, 100% used [0x00000000eab00000,0x00000000ebc80000,0x00000000ebc80000)
  from space 4096K, 99% used [0x00000000ec180000,0x00000000ec57a410,0x00000000ec580000)
  to   space 5120K, 0% used [0x00000000ebc80000,0x00000000ebc80000,0x00000000ec180000)
 ParOldGen       total 120832K, used 90367K [0x00000000c0000000, 0x00000000c7600000, 0x00000000eab00000)
  object space 120832K, 74% used [0x00000000c0000000,0x00000000c583ff80,0x00000000c7600000)
 Metaspace       used 55819K, capacity 58576K, committed 58664K, reserved 1101824K
  class space    used 5594K, capacity 6641K, committed 6704K, reserved 1048576K
}
Event: 43.611 GC heap after
{Heap after GC invocations=37 (full 4):
 PSYoungGen      total 23040K, used 4617K [0x00000000eab00000, 0x00000000ec700000, 0x0000000100000000)
  eden space 17920K, 0% used [0x00000000eab00000,0x00000000eab00000,0x00000000ebc80000)
  from space 5120K, 90% used [0x00000000ebc80000,0x00000000ec102400,0x00000000ec180000)
  to   space 5120K, 0% used [0x00000000ec200000,0x00000000ec200000,0x00000000ec700000)
 ParOldGen       total 120832K, used 90631K [0x00000000c0000000, 0x00000000c7600000, 0x00000000eab00000)
  object space 120832K, 75% used [0x00000000c0000000,0x00000000c5881f90,0x00000000c7600000)
 Metaspace       used 55819K, capacity 58576K, committed 58664K, reserved 1101824K
  class space    used 5594K, capacity 6641K, committed 6704K, reserved 1048576K
}
Event: 46.894 GC heap before
{Heap before GC invocations=38 (full 4):
 PSYoungGen      total 23040K, used 22537K [0x00000000eab00000, 0x00000000ec700000, 0x0000000100000000)
  eden space 17920K, 100% used [0x00000000eab00000,0x00000000ebc80000,0x00000000ebc80000)
  from space 5120K, 90% used [0x00000000ebc80000,0x00000000ec102400,0x00000000ec180000)
  to   space 5120K, 0% used [0x00000000ec200000,0x00000000ec200000,0x00000000ec700000)
 ParOldGen       total 120832K, used 90631K [0x00000000c0000000, 0x00000000c7600000, 0x00000000eab00000)
  object space 120832K, 75% used [0x00000000c0000000,0x00000000c5881f90,0x00000000c7600000)
 Metaspace       used 56371K, capacity 59227K, committed 59432K, reserved 1101824K
  class space    used 5645K, capacity 6669K, committed 6704K, reserved 1048576K
}
Event: 46.938 GC heap after
{Heap after GC invocations=38 (full 4):
 PSYoungGen      total 22528K, used 5113K [0x00000000eab00000, 0x00000000ec900000, 0x0000000100000000)
  eden space 17408K, 0% used [0x00000000eab00000,0x00000000eab00000,0x00000000ebc00000)
  from space 5120K, 99% used [0x00000000ec200000,0x00000000ec6fe410,0x00000000ec700000)
  to   space 6144K, 0% used [0x00000000ebc00000,0x00000000ebc00000,0x00000000ec200000)
 ParOldGen       total 120832K, used 91263K [0x00000000c0000000, 0x00000000c7600000, 0x00000000eab00000)
  object space 120832K, 75% used [0x00000000c0000000,0x00000000c591ff90,0x00000000c7600000)
 Metaspace       used 56371K, capacity 59227K, committed 59432K, reserved 1101824K
  class space    used 5645K, capacity 6669K, committed 6704K, reserved 1048576K
}
Event: 50.270 GC heap before
{Heap before GC invocations=39 (full 4):
 PSYoungGen      total 22528K, used 19663K [0x00000000eab00000, 0x00000000ec900000, 0x0000000100000000)
  eden space 17408K, 83% used [0x00000000eab00000,0x00000000eb935ba0,0x00000000ebc00000)
  from space 5120K, 99% used [0x00000000ec200000,0x00000000ec6fe410,0x00000000ec700000)
  to   space 6144K, 0% used [0x00000000ebc00000,0x00000000ebc00000,0x00000000ec200000)
 ParOldGen       total 120832K, used 91263K [0x00000000c0000000, 0x00000000c7600000, 0x00000000eab00000)
  object space 120832K, 75% used [0x00000000c0000000,0x00000000c591ff90,0x00000000c7600000)
 Metaspace       used 57126K, capacity 59961K, committed 60072K, reserved 1101824K
  class space    used 5707K, capacity 6743K, committed 6832K, reserved 1048576K
}
Event: 50.330 GC heap after
{Heap after GC invocations=39 (full 4):
 PSYoungGen      total 22016K, used 4433K [0x00000000eab00000, 0x00000000ec680000, 0x0000000100000000)
  eden space 17408K, 0% used [0x00000000eab00000,0x00000000eab00000,0x00000000ebc00000)
  from space 4608K, 96% used [0x00000000ebc00000,0x00000000ec054768,0x00000000ec080000)
  to   space 5120K, 0% used [0x00000000ec180000,0x00000000ec180000,0x00000000ec680000)
 ParOldGen       total 120832K, used 93085K [0x00000000c0000000, 0x00000000c7600000, 0x00000000eab00000)
  object space 120832K, 77% used [0x00000000c0000000,0x00000000c5ae74a8,0x00000000c7600000)
 Metaspace       used 57126K, capacity 59961K, committed 60072K, reserved 1101824K
  class space    used 5707K, capacity 6743K, committed 6832K, reserved 1048576K
}
Event: 50.367 GC heap before
{Heap before GC invocations=40 (full 4):
 PSYoungGen      total 22016K, used 20136K [0x00000000eab00000, 0x00000000ec680000, 0x0000000100000000)
  eden space 17408K, 90% used [0x00000000eab00000,0x00000000eba559d8,0x00000000ebc00000)
  from space 4608K, 96% used [0x00000000ebc00000,0x00000000ec054768,0x00000000ec080000)
  to   space 5120K, 0% used [0x00000000ec180000,0x00000000ec180000,0x00000000ec680000)
 ParOldGen       total 120832K, used 116125K [0x00000000c0000000, 0x00000000c7600000, 0x00000000eab00000)
  object space 120832K, 96% used [0x00000000c0000000,0x00000000c71674c8,0x00000000c7600000)
 Metaspace       used 57136K, capacity 59961K, committed 60072K, reserved 1101824K
  class space    used 5708K, capacity 6743K, committed 6832K, reserved 1048576K
}
Event: 50.447 GC heap after
{Heap after GC invocations=40 (full 4):
 PSYoungGen      total 23552K, used 4415K [0x00000000eab00000, 0x00000000ec780000, 0x0000000100000000)
  eden space 18432K, 0% used [0x00000000eab00000,0x00000000eab00000,0x00000000ebd00000)
  from space 5120K, 86% used [0x00000000ec180000,0x00000000ec5cfc08,0x00000000ec680000)
  to   space 4608K, 0% used [0x00000000ebd00000,0x00000000ebd00000,0x00000000ec180000)
 ParOldGen       total 129024K, used 123805K [0x00000000c0000000, 0x00000000c7e00000, 0x00000000eab00000)
  object space 129024K, 95% used [0x00000000c0000000,0x00000000c78e74d8,0x00000000c7e00000)
 Metaspace       used 57136K, capacity 59961K, committed 60072K, reserved 1101824K
  class space    used 5708K, capacity 6743K, committed 6832K, reserved 1048576K
}
Event: 50.447 GC heap before
{Heap before GC invocations=41 (full 5):
 PSYoungGen      total 23552K, used 4415K [0x00000000eab00000, 0x00000000ec780000, 0x0000000100000000)
  eden space 18432K, 0% used [0x00000000eab00000,0x00000000eab00000,0x00000000ebd00000)
  from space 5120K, 86% used [0x00000000ec180000,0x00000000ec5cfc08,0x00000000ec680000)
  to   space 4608K, 0% used [0x00000000ebd00000,0x00000000ebd00000,0x00000000ec180000)
 ParOldGen       total 129024K, used 123805K [0x00000000c0000000, 0x00000000c7e00000, 0x00000000eab00000)
  object space 129024K, 95% used [0x00000000c0000000,0x00000000c78e74d8,0x00000000c7e00000)
 Metaspace       used 57136K, capacity 59961K, committed 60072K, reserved 1101824K
  class space    used 5708K, capacity 6743K, committed 6832K, reserved 1048576K
}
Event: 51.735 GC heap after
{Heap after GC invocations=41 (full 5):
 PSYoungGen      total 23040K, used 0K [0x00000000eab00000, 0x00000000ec880000, 0x0000000100000000)
  eden space 18432K, 0% used [0x00000000eab00000,0x00000000eab00000,0x00000000ebd00000)
  from space 4608K, 0% used [0x00000000ebd00000,0x00000000ebd00000,0x00000000ec180000)
  to   space 4608K, 0% used [0x00000000ec400000,0x00000000ec400000,0x00000000ec880000)
 ParOldGen       total 178176K, used 112731K [0x00000000c0000000, 0x00000000cae00000, 0x00000000eab00000)
  object space 178176K, 63% used [0x00000000c0000000,0x00000000c6e16fc0,0x00000000cae00000)
 Metaspace       used 57136K, capacity 59961K, committed 60072K, reserved 1101824K
  class space    used 5708K, capacity 6743K, committed 6832K, reserved 1048576K
}
Event: 53.150 GC heap before
{Heap before GC invocations=42 (full 5):
 PSYoungGen      total 23040K, used 18432K [0x00000000eab00000, 0x00000000ec880000, 0x0000000100000000)
  eden space 18432K, 100% used [0x00000000eab00000,0x00000000ebd00000,0x00000000ebd00000)
  from space 4608K, 0% used [0x00000000ebd00000,0x00000000ebd00000,0x00000000ec180000)
  to   space 4608K, 0% used [0x00000000ec400000,0x00000000ec400000,0x00000000ec880000)
 ParOldGen       total 178176K, used 112731K [0x00000000c0000000, 0x00000000cae00000, 0x00000000eab00000)
  object space 178176K, 63% used [0x00000000c0000000,0x00000000c6e16fc0,0x00000000cae00000)
 Metaspace       used 58473K, capacity 61501K, committed 61736K, reserved 1103872K
  class space    used 5832K, capacity 6915K, committed 6960K, reserved 1048576K
}
Event: 53.215 GC heap after
{Heap after GC invocations=42 (full 5):
 PSYoungGen      total 23552K, used 2104K [0x00000000eab00000, 0x00000000ec680000, 0x0000000100000000)
  eden space 20992K, 0% used [0x00000000eab00000,0x00000000eab00000,0x00000000ebf80000)
  from space 2560K, 82% used [0x00000000ec400000,0x00000000ec60e3b8,0x00000000ec680000)
  to   space 3072K, 0% used [0x00000000ec080000,0x00000000ec080000,0x00000000ec380000)
 ParOldGen       total 178176K, used 112739K [0x00000000c0000000, 0x00000000cae00000, 0x00000000eab00000)
  object space 178176K, 63% used [0x00000000c0000000,0x00000000c6e18fc0,0x00000000cae00000)
 Metaspace       used 58473K, capacity 61501K, committed 61736K, reserved 1103872K
  class space    used 5832K, capacity 6915K, committed 6960K, reserved 1048576K
}
Event: 60.847 GC heap before
{Heap before GC invocations=43 (full 5):
 PSYoungGen      total 23552K, used 23096K [0x00000000eab00000, 0x00000000ec680000, 0x0000000100000000)
  eden space 20992K, 100% used [0x00000000eab00000,0x00000000ebf80000,0x00000000ebf80000)
  from space 2560K, 82% used [0x00000000ec400000,0x00000000ec60e3b8,0x00000000ec680000)
  to   space 3072K, 0% used [0x00000000ec080000,0x00000000ec080000,0x00000000ec380000)
 ParOldGen       total 178176K, used 112739K [0x00000000c0000000, 0x00000000cae00000, 0x00000000eab00000)
  object space 178176K, 63% used [0x00000000c0000000,0x00000000c6e18fc0,0x00000000cae00000)
 Metaspace       used 59784K, capacity 62873K, committed 63144K, reserved 1105920K
  class space    used 5955K, capacity 7063K, committed 7088K, reserved 1048576K
}
Event: 60.860 GC heap after
{Heap after GC invocations=43 (full 5):
 PSYoungGen      total 25088K, used 3049K [0x00000000eab00000, 0x00000000ed400000, 0x0000000100000000)
  eden space 22016K, 0% used [0x00000000eab00000,0x00000000eab00000,0x00000000ec080000)
  from space 3072K, 99% used [0x00000000ec080000,0x00000000ec37a570,0x00000000ec380000)
  to   space 9216K, 0% used [0x00000000ecb00000,0x00000000ecb00000,0x00000000ed400000)
 ParOldGen       total 178176K, used 117531K [0x00000000c0000000, 0x00000000cae00000, 0x00000000eab00000)
  object space 178176K, 65% used [0x00000000c0000000,0x00000000c72c6fe8,0x00000000cae00000)
 Metaspace       used 59784K, capacity 62873K, committed 63144K, reserved 1105920K
  class space    used 5955K, capacity 7063K, committed 7088K, reserved 1048576K
}
Event: 64.228 GC heap before
{Heap before GC invocations=44 (full 5):
 PSYoungGen      total 25088K, used 25065K [0x00000000eab00000, 0x00000000ed400000, 0x0000000100000000)
  eden space 22016K, 100% used [0x00000000eab00000,0x00000000ec080000,0x00000000ec080000)
  from space 3072K, 99% used [0x00000000ec080000,0x00000000ec37a570,0x00000000ec380000)
  to   space 9216K, 0% used [0x00000000ecb00000,0x00000000ecb00000,0x00000000ed400000)
 ParOldGen       total 178176K, used 117531K [0x00000000c0000000, 0x00000000cae00000, 0x00000000eab00000)
  object space 178176K, 65% used [0x00000000c0000000,0x00000000c72c6fe8,0x00000000cae00000)
 Metaspace       used 59798K, capacity 62969K, committed 63272K, reserved 1105920K
  class space    used 5957K, capacity 7095K, committed 7216K, reserved 1048576K
}
Event: 64.241 GC heap after
{Heap after GC invocations=44 (full 5):
 PSYoungGen      total 31232K, used 6816K [0x00000000eab00000, 0x00000000ed200000, 0x0000000100000000)
  eden space 24064K, 0% used [0x00000000eab00000,0x00000000eab00000,0x00000000ec280000)
  from space 7168K, 95% used [0x00000000ecb00000,0x00000000ed1a80b0,0x00000000ed200000)
  to   space 7168K, 0% used [0x00000000ec400000,0x00000000ec400000,0x00000000ecb00000)
 ParOldGen       total 178176K, used 117539K [0x00000000c0000000, 0x00000000cae00000, 0x00000000eab00000)
  object space 178176K, 65% used [0x00000000c0000000,0x00000000c72c8fe8,0x00000000cae00000)
 Metaspace       used 59798K, capacity 62969K, committed 63272K, reserved 1105920K
  class space    used 5957K, capacity 7095K, committed 7216K, reserved 1048576K
}
Event: 66.460 GC heap before
{Heap before GC invocations=45 (full 5):
 PSYoungGen      total 31232K, used 30880K [0x00000000eab00000, 0x00000000ed200000, 0x0000000100000000)
  eden space 24064K, 100% used [0x00000000eab00000,0x00000000ec280000,0x00000000ec280000)
  from space 7168K, 95% used [0x00000000ecb00000,0x00000000ed1a80b0,0x00000000ed200000)
  to   space 7168K, 0% used [0x00000000ec400000,0x00000000ec400000,0x00000000ecb00000)
 ParOldGen       total 178176K, used 117539K [0x00000000c0000000, 0x00000000cae00000, 0x00000000eab00000)
  object space 178176K, 65% used [0x00000000c0000000,0x00000000c72c8fe8,0x00000000cae00000)
 Metaspace       used 59857K, capacity 63033K, committed 63272K, reserved 1105920K
  class space    used 5960K, capacity 7095K, committed 7216K, reserved 1048576K
}
Event: 66.474 GC heap after
{Heap after GC invocations=45 (full 5):
 PSYoungGen      total 31232K, used 5624K [0x00000000eab00000, 0x00000000ed080000, 0x0000000100000000)
  eden space 25600K, 0% used [0x00000000eab00000,0x00000000eab00000,0x00000000ec400000)
  from space 5632K, 99% used [0x00000000ec400000,0x00000000ec97e1f8,0x00000000ec980000)
  to   space 6144K, 0% used [0x00000000eca80000,0x00000000eca80000,0x00000000ed080000)
 ParOldGen       total 178176K, used 117539K [0x00000000c0000000, 0x00000000cae00000, 0x00000000eab00000)
  object space 178176K, 65% used [0x00000000c0000000,0x00000000c72c8fe8,0x00000000cae00000)
 Metaspace       used 59857K, capacity 63033K, committed 63272K, reserved 1105920K
  class space    used 5960K, capacity 7095K, committed 7216K, reserved 1048576K
}

Deoptimization events (20 events):
Event: 62.243 Thread 0x000001e66d8f4000 DEOPT PACKING pc=0x000001e66141803c sp=0x000000c134ffee20
Event: 62.243 Thread 0x000001e66d8f4000 DEOPT UNPACKING pc=0x000001e6596aa1af sp=0x000000c134ffed58 mode 2
Event: 62.243 Thread 0x000001e66d8f4000 Uncommon trap: trap_request=0xffffffde fr.pc=0x000001e661419bd8 relative=0x0000000000000678
Event: 62.243 Thread 0x000001e66d8f4000 Uncommon trap: reason=class_check action=maybe_recompile pc=0x000001e661419bd8 method=org.eclipse.jdt.internal.compiler.util.JrtFileSystem$2.visitFile(Ljava/nio/file/Path;Ljava/nio/file/attribute/BasicFileAttributes;)Ljava/nio/file/FileVisitResult; @ 66 c
Event: 62.243 Thread 0x000001e66d8f4000 DEOPT PACKING pc=0x000001e661419bd8 sp=0x000000c134ffed90
Event: 62.243 Thread 0x000001e66d8f4000 DEOPT UNPACKING pc=0x000001e6596aa1af sp=0x000000c134ffed50 mode 2
Event: 67.552 Thread 0x000001e66d8f4000 DEOPT PACKING pc=0x000001e65ae9e40f sp=0x000000c134ffe8c0
Event: 67.552 Thread 0x000001e66d8f4000 DEOPT UNPACKING pc=0x000001e6596aa95e sp=0x000000c134ffdc88 mode 0
Event: 67.560 Thread 0x000001e66d8f4000 DEOPT PACKING pc=0x000001e65aea5c47 sp=0x000000c134ffe940
Event: 67.560 Thread 0x000001e66d8f4000 DEOPT UNPACKING pc=0x000001e6596aa95e sp=0x000000c134ffdd90 mode 0
Event: 67.573 Thread 0x000001e66d8f4000 DEOPT PACKING pc=0x000001e65ae9adb0 sp=0x000000c134ffe7a0
Event: 67.573 Thread 0x000001e66d8f4000 DEOPT UNPACKING pc=0x000001e6596aa95e sp=0x000000c134ffdc40 mode 0
Event: 67.574 Thread 0x000001e66d8f4000 DEOPT PACKING pc=0x000001e65ae8f562 sp=0x000000c134ffe900
Event: 67.574 Thread 0x000001e66d8f4000 DEOPT UNPACKING pc=0x000001e6596aa95e sp=0x000000c134ffdd88 mode 0
Event: 67.581 Thread 0x000001e66d8f4000 DEOPT PACKING pc=0x000001e65ae8f562 sp=0x000000c134ffe7c0
Event: 67.581 Thread 0x000001e66d8f4000 DEOPT UNPACKING pc=0x000001e6596aa95e sp=0x000000c134ffdc48 mode 0
Event: 67.585 Thread 0x000001e66d8f4000 DEOPT PACKING pc=0x000001e65ae93567 sp=0x000000c134ffe6d0
Event: 67.585 Thread 0x000001e66d8f4000 DEOPT UNPACKING pc=0x000001e6596aa95e sp=0x000000c134ffdb58 mode 0
Event: 68.366 Thread 0x000001e66d8f4000 DEOPT PACKING pc=0x000001e65a6dd68d sp=0x000000c134ffe8a0
Event: 68.366 Thread 0x000001e66d8f4000 DEOPT UNPACKING pc=0x000001e6596aa95e sp=0x000000c134ffde48 mode 0

Classes redefined (0 events):
No events

Internal exceptions (20 events):
Event: 52.970 Thread 0x000001e66dc7b800 Exception <a 'java/lang/ArrayIndexOutOfBoundsException'{0x00000000eba2a400}: Index 231 out of bounds for length 231> (0x00000000eba2a400) thrown at [./src/hotspot/share/interpreter/interpreterRuntime.cpp, line 444]
Event: 53.011 Thread 0x000001e66db68000 Exception <a 'java/lang/ArrayIndexOutOfBoundsException'{0x00000000ebb8ffa8}: Index 231 out of bounds for length 231> (0x00000000ebb8ffa8) thrown at [./src/hotspot/share/interpreter/interpreterRuntime.cpp, line 444]
Event: 53.011 Thread 0x000001e66db68000 Exception <a 'java/lang/ArrayIndexOutOfBoundsException'{0x00000000ebb90358}: Index 231 out of bounds for length 231> (0x00000000ebb90358) thrown at [./src/hotspot/share/interpreter/interpreterRuntime.cpp, line 444]
Event: 53.011 Thread 0x000001e66db68000 Exception <a 'java/lang/ArrayIndexOutOfBoundsException'{0x00000000ebb906c0}: Index 232 out of bounds for length 231> (0x00000000ebb906c0) thrown at [./src/hotspot/share/interpreter/interpreterRuntime.cpp, line 444]
Event: 53.131 Thread 0x000001e66dc7b800 Exception <a 'java/lang/ArrayIndexOutOfBoundsException'{0x00000000ebca8560}> (0x00000000ebca8560) thrown at [./src/hotspot/share/runtime/sharedRuntime.cpp, line 606]
Event: 53.272 Thread 0x000001e66d326800 Exception <a 'java/lang/ArrayIndexOutOfBoundsException'{0x00000000eac85710}> (0x00000000eac85710) thrown at [./src/hotspot/share/runtime/sharedRuntime.cpp, line 606]
Event: 53.414 Thread 0x000001e66d326800 Exception <a 'java/lang/ArrayIndexOutOfBoundsException'{0x00000000ead83d68}> (0x00000000ead83d68) thrown at [./src/hotspot/share/runtime/sharedRuntime.cpp, line 606]
Event: 53.438 Thread 0x000001e66db65000 Exception <a 'java/lang/ArrayIndexOutOfBoundsException'{0x00000000eade7e48}: Index 229 out of bounds for length 229> (0x00000000eade7e48) thrown at [./src/hotspot/share/interpreter/interpreterRuntime.cpp, line 444]
Event: 53.438 Thread 0x000001e66db65000 Exception <a 'java/lang/ArrayIndexOutOfBoundsException'{0x00000000eade81f8}: Index 229 out of bounds for length 229> (0x00000000eade81f8) thrown at [./src/hotspot/share/interpreter/interpreterRuntime.cpp, line 444]
Event: 53.438 Thread 0x000001e66db65000 Exception <a 'java/lang/ArrayIndexOutOfBoundsException'{0x00000000eade8560}: Index 230 out of bounds for length 229> (0x00000000eade8560) thrown at [./src/hotspot/share/interpreter/interpreterRuntime.cpp, line 444]
Event: 53.564 Thread 0x000001e66dc7d000 Exception <a 'java/lang/ArrayIndexOutOfBoundsException'{0x00000000eaf23fc0}> (0x00000000eaf23fc0) thrown at [./src/hotspot/share/runtime/sharedRuntime.cpp, line 606]
Event: 53.569 Thread 0x000001e66db65000 Exception <a 'java/lang/ArrayIndexOutOfBoundsException'{0x00000000eaf39658}: Index 227 out of bounds for length 227> (0x00000000eaf39658) thrown at [./src/hotspot/share/interpreter/interpreterRuntime.cpp, line 444]
Event: 53.569 Thread 0x000001e66db65000 Exception <a 'java/lang/ArrayIndexOutOfBoundsException'{0x00000000eaf39978}: Index 228 out of bounds for length 227> (0x00000000eaf39978) thrown at [./src/hotspot/share/interpreter/interpreterRuntime.cpp, line 444]
Event: 53.585 Thread 0x000001e66dc7b800 Exception <a 'java/lang/ArrayIndexOutOfBoundsException'{0x00000000eabd0048}> (0x00000000eabd0048) thrown at [./src/hotspot/share/runtime/sharedRuntime.cpp, line 606]
Event: 53.603 Thread 0x000001e66dc7b800 Exception <a 'java/lang/ArrayIndexOutOfBoundsException'{0x00000000eb016970}> (0x00000000eb016970) thrown at [./src/hotspot/share/runtime/sharedRuntime.cpp, line 606]
Event: 53.626 Thread 0x000001e66dc7b800 Exception <a 'java/lang/ArrayIndexOutOfBoundsException'{0x00000000eb0e0668}> (0x00000000eb0e0668) thrown at [./src/hotspot/share/runtime/sharedRuntime.cpp, line 606]
Event: 54.469 Thread 0x000001e66db65000 Exception <a 'java/lang/ArrayIndexOutOfBoundsException'{0x00000000eb3d2078}: Index 227 out of bounds for length 227> (0x00000000eb3d2078) thrown at [./src/hotspot/share/interpreter/interpreterRuntime.cpp, line 444]
Event: 54.469 Thread 0x000001e66db65000 Exception <a 'java/lang/ArrayIndexOutOfBoundsException'{0x00000000eb3d2398}: Index 228 out of bounds for length 227> (0x00000000eb3d2398) thrown at [./src/hotspot/share/interpreter/interpreterRuntime.cpp, line 444]
Event: 58.428 Thread 0x000001e66db65000 Exception <a 'java/lang/ClassNotFoundException'{0x00000000eb6f8a60}: sun/util/logging/resources/spi/loggingProvider> (0x00000000eb6f8a60) thrown at [./src/hotspot/share/classfile/systemDictionary.cpp, line 231]
Event: 58.687 Thread 0x000001e66db65000 Implicit null exception at 0x000001e66162de12 to 0x000001e66162e55c

Events (20 events):
Event: 58.430 loading class java/util/Formatter$DateTime done
Event: 58.431 loading class java/time/ZonedDateTime$1
Event: 58.431 loading class java/time/ZonedDateTime$1 done
Event: 58.431 loading class java/time/LocalDate$1
Event: 58.431 loading class java/time/LocalDate$1 done
Event: 58.432 loading class java/time/LocalTime$1
Event: 58.432 loading class java/time/LocalTime$1 done
Event: 58.477 Executing VM operation: BulkRevokeBias
Event: 58.477 Executing VM operation: BulkRevokeBias done
Event: 58.802 Executing VM operation: BulkRevokeBias
Event: 58.803 Executing VM operation: BulkRevokeBias done
Event: 58.838 Thread 0x000001e66cac5800 Thread exited: 0x000001e66cac5800
Event: 60.847 Executing VM operation: ParallelGCFailedAllocation
Event: 60.860 Executing VM operation: ParallelGCFailedAllocation done
Event: 64.228 Executing VM operation: ParallelGCFailedAllocation
Event: 64.241 Executing VM operation: ParallelGCFailedAllocation done
Event: 65.956 Executing VM operation: Deoptimize
Event: 65.959 Executing VM operation: Deoptimize done
Event: 66.459 Executing VM operation: ParallelGCFailedAllocation
Event: 66.474 Executing VM operation: ParallelGCFailedAllocation done


Dynamic libraries:
0x00007ff6a17a0000 - 0x00007ff6a17ad000 	C:\Program Files\Amazon Corretto\jdk11.0.12_7\bin\java.exe
0x00007ffaa2e70000 - 0x00007ffaa3065000 	C:\WINDOWS\SYSTEM32\ntdll.dll
0x00007ffaa2960000 - 0x00007ffaa2a1d000 	C:\WINDOWS\System32\KERNEL32.DLL
0x00007ffaa08e0000 - 0x00007ffaa0ba9000 	C:\WINDOWS\System32\KERNELBASE.dll
0x00007ffaa0cc0000 - 0x00007ffaa0dc0000 	C:\WINDOWS\System32\ucrtbase.dll
0x00007ffa9b670000 - 0x00007ffa9b687000 	C:\Program Files\Amazon Corretto\jdk11.0.12_7\bin\jli.dll
0x00007ffaa0ee0000 - 0x00007ffaa1080000 	C:\WINDOWS\System32\USER32.dll
0x00007ffaa0860000 - 0x00007ffaa0882000 	C:\WINDOWS\System32\win32u.dll
0x00007ffaa2bb0000 - 0x00007ffaa2bda000 	C:\WINDOWS\System32\GDI32.dll
0x00007ffaa0bb0000 - 0x00007ffaa0cbb000 	C:\WINDOWS\System32\gdi32full.dll
0x00007ffaa07c0000 - 0x00007ffaa085d000 	C:\WINDOWS\System32\msvcp_win.dll
0x00007ffa7fe70000 - 0x00007ffa8010a000 	C:\WINDOWS\WinSxS\amd64_microsoft.windows.common-controls_6595b64144ccf1df_6.0.19041.1110_none_60b5254171f9507e\COMCTL32.dll
0x00007ffaa27f0000 - 0x00007ffaa288e000 	C:\WINDOWS\System32\msvcrt.dll
0x00007ffa9b630000 - 0x00007ffa9b649000 	C:\Program Files\Amazon Corretto\jdk11.0.12_7\bin\VCRUNTIME140.dll
0x00007ffaa2be0000 - 0x00007ffaa2c10000 	C:\WINDOWS\System32\IMM32.DLL
0x00007ffa7e780000 - 0x00007ffa7e81b000 	C:\Program Files\Amazon Corretto\jdk11.0.12_7\bin\msvcp140.dll
0x00007ffa68f60000 - 0x00007ffa69aba000 	C:\Program Files\Amazon Corretto\jdk11.0.12_7\bin\server\jvm.dll
0x00007ffaa1d60000 - 0x00007ffaa1e0c000 	C:\WINDOWS\System32\ADVAPI32.dll
0x00007ffaa2a20000 - 0x00007ffaa2abb000 	C:\WINDOWS\System32\sechost.dll
0x00007ffaa1710000 - 0x00007ffaa183a000 	C:\WINDOWS\System32\RPCRT4.dll
0x00007ffaa2780000 - 0x00007ffaa2788000 	C:\WINDOWS\System32\PSAPI.DLL
0x00007ffa8d720000 - 0x00007ffa8d729000 	C:\WINDOWS\SYSTEM32\WSOCK32.dll
0x00007ffaa2ae0000 - 0x00007ffaa2b4b000 	C:\WINDOWS\System32\WS2_32.dll
0x00007ffa7e300000 - 0x00007ffa7e327000 	C:\WINDOWS\SYSTEM32\WINMM.dll
0x00007ffa92d40000 - 0x00007ffa92d4a000 	C:\WINDOWS\SYSTEM32\VERSION.dll
0x00007ffa9f180000 - 0x00007ffa9f192000 	C:\WINDOWS\SYSTEM32\kernel.appcore.dll
0x00007ffa9b6c0000 - 0x00007ffa9b6d0000 	C:\Program Files\Amazon Corretto\jdk11.0.12_7\bin\verify.dll
0x00007ffa9e220000 - 0x00007ffa9e404000 	C:\WINDOWS\SYSTEM32\DBGHELP.DLL
0x00007ffa8b970000 - 0x00007ffa8b99c000 	C:\WINDOWS\SYSTEM32\dbgcore.DLL
0x00007ffaa0dc0000 - 0x00007ffaa0e43000 	C:\WINDOWS\System32\bcryptPrimitives.dll
0x00007ffa999d0000 - 0x00007ffa999f8000 	C:\Program Files\Amazon Corretto\jdk11.0.12_7\bin\java.dll
0x00007ffa9b580000 - 0x00007ffa9b58a000 	C:\Program Files\Amazon Corretto\jdk11.0.12_7\bin\jimage.dll
0x00007ffa99ca0000 - 0x00007ffa99cb7000 	C:\Program Files\Amazon Corretto\jdk11.0.12_7\bin\zip.dll
0x00007ffaa1f00000 - 0x00007ffaa263f000 	C:\WINDOWS\System32\SHELL32.dll
0x00007ffa9e580000 - 0x00007ffa9ed11000 	C:\WINDOWS\SYSTEM32\windows.storage.dll
0x00007ffaa1080000 - 0x00007ffaa13d5000 	C:\WINDOWS\System32\combase.dll
0x00007ffa9ffb0000 - 0x00007ffa9ffdc000 	C:\WINDOWS\SYSTEM32\Wldp.dll
0x00007ffaa2d80000 - 0x00007ffaa2e2e000 	C:\WINDOWS\System32\SHCORE.dll
0x00007ffaa1e10000 - 0x00007ffaa1e65000 	C:\WINDOWS\System32\shlwapi.dll
0x00007ffaa04f0000 - 0x00007ffaa050f000 	C:\WINDOWS\SYSTEM32\profapi.dll
0x00007ffa98980000 - 0x00007ffa98999000 	C:\Program Files\Amazon Corretto\jdk11.0.12_7\bin\net.dll
0x00007ffa92d50000 - 0x00007ffa92e5a000 	C:\WINDOWS\SYSTEM32\WINHTTP.dll
0x00007ffa9fcd0000 - 0x00007ffa9fd3a000 	C:\WINDOWS\system32\mswsock.dll
0x00007ffa97430000 - 0x00007ffa97442000 	C:\Program Files\Amazon Corretto\jdk11.0.12_7\bin\nio.dll
0x00007ffa9fed0000 - 0x00007ffa9fee8000 	C:\WINDOWS\SYSTEM32\CRYPTSP.dll
0x00007ffa9f610000 - 0x00007ffa9f644000 	C:\WINDOWS\system32\rsaenh.dll
0x00007ffaa0e50000 - 0x00007ffaa0e77000 	C:\WINDOWS\System32\bcrypt.dll
0x00007ffaa0470000 - 0x00007ffaa049e000 	C:\WINDOWS\SYSTEM32\USERENV.dll
0x00007ffa9fef0000 - 0x00007ffa9fefc000 	C:\WINDOWS\SYSTEM32\CRYPTBASE.dll
0x00007ffa9f9d0000 - 0x00007ffa9fa0b000 	C:\WINDOWS\SYSTEM32\IPHLPAPI.DLL
0x00007ffaa2c90000 - 0x00007ffaa2c98000 	C:\WINDOWS\System32\NSI.dll
0x00007ffa92220000 - 0x00007ffa92237000 	C:\WINDOWS\SYSTEM32\dhcpcsvc6.DLL
0x00007ffa92320000 - 0x00007ffa9233d000 	C:\WINDOWS\SYSTEM32\dhcpcsvc.DLL
0x00007ffa9fa10000 - 0x00007ffa9fadc000 	C:\WINDOWS\SYSTEM32\DNSAPI.dll
0x00007ffa8fe70000 - 0x00007ffa8feae000 	C:\Users\kisho\AppData\Roaming\Code\User\globalStorage\redhat.java\0.80.0\config_win\org.eclipse.equinox.launcher\org.eclipse.equinox.launcher.win32.win32.x86_64_1.2.300.v20210617-0451\eclipse_11502.dll
0x00007ffa97050000 - 0x00007ffa97061000 	C:\Users\kisho\AppData\Roaming\Code\User\globalStorage\redhat.java\0.80.0\config_win\org.eclipse.osgi\23\0\.cp\jWinHttp-1.0.0.dll
0x00007ffaa2650000 - 0x00007ffaa277a000 	C:\WINDOWS\System32\ole32.dll
0x00007ffa99990000 - 0x00007ffa9999e000 	C:\Program Files\Amazon Corretto\jdk11.0.12_7\bin\sunmscapi.dll
0x00007ffaa0660000 - 0x00007ffaa07bf000 	C:\WINDOWS\System32\CRYPT32.dll
0x00007ffaa0020000 - 0x00007ffaa0047000 	C:\WINDOWS\SYSTEM32\ncrypt.dll
0x00007ffa9ffe0000 - 0x00007ffaa001b000 	C:\WINDOWS\SYSTEM32\NTASN1.dll
0x00007ffa92160000 - 0x00007ffa92185000 	C:\Program Files\Amazon Corretto\jdk11.0.12_7\bin\sunec.dll

dbghelp: loaded successfully - version: 4.0.5 - missing functions: none
symbol engine: initialized successfully - sym options: 0x614 - pdb path: .;C:\Program Files\Amazon Corretto\jdk11.0.12_7\bin;C:\WINDOWS\SYSTEM32;C:\WINDOWS\WinSxS\amd64_microsoft.windows.common-controls_6595b64144ccf1df_6.0.19041.1110_none_60b5254171f9507e;C:\Program Files\Amazon Corretto\jdk11.0.12_7\bin\server;C:\Users\kisho\AppData\Roaming\Code\User\globalStorage\redhat.java\0.80.0\config_win\org.eclipse.equinox.launcher\org.eclipse.equinox.launcher.win32.win32.x86_64_1.2.300.v20210617-0451;C:\Users\kisho\AppData\Roaming\Code\User\globalStorage\redhat.java\0.80.0\config_win\org.eclipse.osgi\23\0\.cp

VM Arguments:
jvm_args: --add-modules=ALL-SYSTEM --add-opens=java.base/java.util=ALL-UNNAMED --add-opens=java.base/java.lang=ALL-UNNAMED -Declipse.application=org.eclipse.jdt.ls.core.id1 -Dosgi.bundles.defaultStartLevel=4 -Declipse.product=org.eclipse.jdt.ls.core.product -Dfile.encoding=utf8 -DwatchParentProcess=false -XX:+UseParallelGC -XX:GCTimeRatio=4 -XX:AdaptiveSizePolicyWeight=90 -Dsun.zip.disableMemoryMapping=true -Xmx1G -Xms100m -Xverify:none 
java_command: c:\Users\kisho\.vscode\extensions\redhat.java-0.80.0\server\plugins\org.eclipse.equinox.launcher_1.6.200.v20210416-2027.jar -configuration c:\Users\kisho\AppData\Roaming\Code\User\globalStorage\redhat.java\0.80.0\config_win -data c:\Users\kisho\AppData\Roaming\Code\User\workspaceStorage\a4b931a0344a41d055aa3ee239ccd6d8\redhat.java\jdt_ws
java_class_path (initial): c:\Users\kisho\.vscode\extensions\redhat.java-0.80.0\server\plugins\org.eclipse.equinox.launcher_1.6.200.v20210416-2027.jar
Launcher Type: SUN_STANDARD

[Global flags]
    uintx AdaptiveSizePolicyWeight                 = 90                                        {product} {command line}
     bool BytecodeVerificationLocal                = false                                     {product} {command line}
     bool BytecodeVerificationRemote               = false                                     {product} {command line}
     intx CICompilerCount                          = 3                                         {product} {ergonomic}
    uintx GCTimeRatio                              = 4                                         {product} {command line}
   size_t InitialHeapSize                          = 104857600                                 {product} {command line}
   size_t MaxHeapSize                              = 1073741824                                {product} {command line}
   size_t MaxNewSize                               = 357564416                                 {product} {ergonomic}
   size_t MinHeapDeltaBytes                        = 524288                                    {product} {ergonomic}
   size_t NewSize                                  = 34603008                                  {product} {ergonomic}
    uintx NonNMethodCodeHeapSize                   = 5830732                                {pd product} {ergonomic}
    uintx NonProfiledCodeHeapSize                  = 122913754                              {pd product} {ergonomic}
   size_t OldSize                                  = 70254592                                  {product} {ergonomic}
    uintx ProfiledCodeHeapSize                     = 122913754                              {pd product} {ergonomic}
    uintx ReservedCodeCacheSize                    = 251658240                              {pd product} {ergonomic}
     bool SegmentedCodeCache                       = true                                      {product} {ergonomic}
     bool UseCompressedClassPointers               = true                                 {lp64_product} {ergonomic}
     bool UseCompressedOops                        = true                                 {lp64_product} {ergonomic}
     bool UseLargePagesIndividualAllocation        = false                                  {pd product} {ergonomic}
     bool UseParallelGC                            = true                                      {product} {command line}

Logging:
Log output configuration:
 #0: stdout all=warning uptime,level,tags
 #1: stderr all=off uptime,level,tags

Environment Variables:
JAVA_HOME=C:\Program Files\Amazon Corretto\jdk11.0.12_7
CLASSPATH=C:\apache-tomcat-8.0.27-windows-x86\apache-tomcat-8.0.27\lib\servlet-api.jar
PATH=C:\Program Files\Amazon Corretto\jdk11.0.12_7\bin;C:\Program Files (x86)\Common Files\Oracle\Java\javapath;C:\Program Files\nodejs\;C:\Program Files\Amazon Corretto\jdk11.0.12_7\bin;C:\Program Files\apache-maven-3.8.1\bin;C:\Windows\System32;C:\Program Files\Microsoft VS Code\bin;C:\Program Files\Amazon Corretto\jdk11.0.12_7\bin;C:\Users\kisho\AppData\Local\Microsoft\WindowsApps;C:\Users\kisho\AppData\Local\Programs\Python\Python39;C:\Users\kisho\AppData\Local\Programs\Python\Python39\Scripts;C:\Program Files\JetBrains\PyCharm Community Edition 2020.2.3\bin;;C:\Users\kisho\AppData\Local\Microsoft\WindowsApps;C:\Users\kisho\AppData\Roaming\npm;C:\Users\kisho\AppData\Local\GitHubDesktop\bin;C:\Program Files\Java\jdk-11.0.10\bin;C:\Program Files\Java\apache-maven-3.8.1\bin;C:\Windows\System32;
USERNAME=kisho
OS=Windows_NT
PROCESSOR_IDENTIFIER=Intel64 Family 6 Model 142 Stepping 10, GenuineIntel



---------------  S Y S T E M  ---------------

OS: Windows 10 , 64 bit Build 19041 (10.0.19041.1023)
OS uptime: 0 days 14:21 hours
Hyper-V role detected

CPU:total 4 (initial active 4) (2 cores per cpu, 2 threads per core) family 6 model 142 stepping 10 microcode 0xe0, cmov, cx8, fxsr, mmx, sse, sse2, sse3, ssse3, sse4.1, sse4.2, popcnt, avx, avx2, aes, clmul, erms, 3dnowpref, lzcnt, ht, tsc, tscinvbit, bmi1, bmi2, adx, fma

Memory: 4k page, system-wide physical 12197M (2482M free)
TotalPageFile size 12197M (AvailPageFile size 28M)
current process WorkingSet (physical memory assigned to process): 323M, peak: 340M
current process commit charge ("private bytes"): 412M, peak: 444M

vm_info: OpenJDK 64-Bit Server VM (11.0.12+7-LTS) for windows-amd64 JRE (11.0.12+7-LTS), built on Jul 13 2021 17:58:36 by "Administrator" with unknown MS VC++:1916

END.
