#
# There is insufficient memory for the Java Runtime Environment to continue.
# Native memory allocation (malloc) failed to allocate 675376 bytes for Chunk::new
# Possible reasons:
#   The system is out of physical RAM or swap space
#   The process is running with CompressedOops enabled, and the Java Heap may be blocking the growth of the native heap
# Possible solutions:
#   Reduce memory load on the system
#   Increase physical memory or swap space
#   Check if swap backing store is full
#   Decrease Java heap size (-Xmx/-Xms)
#   Decrease number of Java threads
#   Decrease Java thread stack sizes (-Xss)
#   Set larger code cache with -XX:ReservedCodeCacheSize=
#   JVM is running with Zero Based Compressed Oops mode in which the Java heap is
#     placed in the first 32GB address space. The Java Heap base address is the
#     maximum limit for the native heap growth. Please use -XX:HeapBaseMinAddress
#     to set the Java Heap base and to place the Java Heap above 32GB virtual address.
# This output file may be truncated or incomplete.
#
#  Out of Memory Error (./src/hotspot/share/memory/arena.cpp:197), pid=62008, tid=62076
#
# JRE version: OpenJDK Runtime Environment Corretto-11.0.12.7.1 (11.0.12+7) (build 11.0.12+7-LTS)
# Java VM: OpenJDK 64-Bit Server VM Corretto-11.0.12.7.1 (11.0.12+7-LTS, mixed mode, tiered, compressed oops, g1 gc, windows-amd64)
# No core dump will be written. Minidumps are not enabled by default on client versions of Windows
#

---------------  S U M M A R Y ------------

Command Line: -Dfile.encoding=UTF-8 com.auric.spring.auric.AuricApplication

Host: Intel(R) Core(TM) i3-7020U CPU @ 2.30GHz, 4 cores, 11G,  Windows 10 , 64 bit Build 19041 (10.0.19041.1023)
Time: Sat Jul 24 07:11:00 2021 India Standard Time elapsed time: 8.977287 seconds (0d 0h 0m 8s)

---------------  T H R E A D  ---------------

Current thread (0x0000022b6ce80800):  JavaThread "C2 CompilerThread0" daemon [_thread_in_native, id=62076, stack(0x000000bfaf000000,0x000000bfaf100000)]


Current CompileTask:
C2:   8977 2968       4       java.lang.invoke.MethodType::makeImpl (108 bytes)

Stack: [0x000000bfaf000000,0x000000bfaf100000]
Native frames: (J=compiled Java code, j=interpreted, Vv=VM code, C=native code)
V  [jvm.dll+0x601d7a]
V  [jvm.dll+0x78b45e]
V  [jvm.dll+0x78cb2f]
V  [jvm.dll+0x78d1f3]
V  [jvm.dll+0x24bc58]
V  [jvm.dll+0xc219c]
V  [jvm.dll+0xc275c]
V  [jvm.dll+0x2bdc14]
V  [jvm.dll+0x512c49]
V  [jvm.dll+0x206b8e]
V  [jvm.dll+0x2045fa]
V  [jvm.dll+0x18990c]
V  [jvm.dll+0x213b57]
V  [jvm.dll+0x211d1b]
V  [jvm.dll+0x74f509]
V  [jvm.dll+0x748574]
V  [jvm.dll+0x600c16]
C  [ucrtbase.dll+0x21bb2]
C  [KERNEL32.DLL+0x17034]
C  [ntdll.dll+0x52651]


---------------  P R O C E S S  ---------------

Threads class SMR info:
_java_thread_list=0x0000022b6fd6ca10, length=13, elements={
0x0000022b49931000, 0x0000022b6c63b800, 0x0000022b6c63c800, 0x0000022b6ced3800,
0x0000022b6ce7d000, 0x0000022b6ce7f800, 0x0000022b6ce80800, 0x0000022b6ce87000,
0x0000022b6ce88800, 0x0000022b6d03d000, 0x0000022b6de5a000, 0x0000022b6dd4c000,
0x0000022b70f70800
}

Java Threads: ( => current thread )
  0x0000022b49931000 JavaThread "main" [_thread_blocked, id=61880, stack(0x000000bfae400000,0x000000bfae500000)]
  0x0000022b6c63b800 JavaThread "Reference Handler" daemon [_thread_blocked, id=61800, stack(0x000000bfaeb00000,0x000000bfaec00000)]
  0x0000022b6c63c800 JavaThread "Finalizer" daemon [_thread_blocked, id=9444, stack(0x000000bfaec00000,0x000000bfaed00000)]
  0x0000022b6ced3800 JavaThread "Signal Dispatcher" daemon [_thread_blocked, id=24604, stack(0x000000bfaed00000,0x000000bfaee00000)]
  0x0000022b6ce7d000 JavaThread "Attach Listener" daemon [_thread_blocked, id=23800, stack(0x000000bfaee00000,0x000000bfaef00000)]
  0x0000022b6ce7f800 JavaThread "Service Thread" daemon [_thread_blocked, id=45072, stack(0x000000bfaef00000,0x000000bfaf000000)]
=>0x0000022b6ce80800 JavaThread "C2 CompilerThread0" daemon [_thread_in_native, id=62076, stack(0x000000bfaf000000,0x000000bfaf100000)]
  0x0000022b6ce87000 JavaThread "C1 CompilerThread0" daemon [_thread_blocked, id=53588, stack(0x000000bfaf100000,0x000000bfaf200000)]
  0x0000022b6ce88800 JavaThread "Sweeper thread" daemon [_thread_blocked, id=41412, stack(0x000000bfaf200000,0x000000bfaf300000)]
  0x0000022b6d03d000 JavaThread "Common-Cleaner" daemon [_thread_blocked, id=49360, stack(0x000000bfaf400000,0x000000bfaf500000)]
  0x0000022b6de5a000 JavaThread "Thread-0" [_thread_blocked, id=45400, stack(0x000000bfaf900000,0x000000bfafa00000)]
  0x0000022b6dd4c000 JavaThread "restartedMain" [_thread_in_vm, id=42812, stack(0x000000bfafa00000,0x000000bfafb00000)]
  0x0000022b70f70800 JavaThread "C2 CompilerThread1" daemon [_thread_in_native, id=28440, stack(0x000000bfaf500000,0x000000bfaf600000)]

Other Threads:
  0x0000022b6c639000 VMThread "VM Thread" [stack: 0x000000bfaea00000,0x000000bfaeb00000] [id=18640]
  0x0000022b6d036800 WatcherThread [stack: 0x000000bfaf300000,0x000000bfaf400000] [id=34804]
  0x0000022b49948000 GCTaskThread "GC Thread#0" [stack: 0x000000bfae500000,0x000000bfae600000] [id=9692]
  0x0000022b6d89e800 GCTaskThread "GC Thread#1" [stack: 0x000000bfaf600000,0x000000bfaf700000] [id=15168]
  0x0000022b6d8a5800 GCTaskThread "GC Thread#2" [stack: 0x000000bfaf700000,0x000000bfaf800000] [id=56692]
  0x0000022b6d913000 GCTaskThread "GC Thread#3" [stack: 0x000000bfaf800000,0x000000bfaf900000] [id=56568]
  0x0000022b4998d800 ConcurrentGCThread "G1 Main Marker" [stack: 0x000000bfae600000,0x000000bfae700000] [id=28924]
  0x0000022b4998f000 ConcurrentGCThread "G1 Conc#0" [stack: 0x000000bfae700000,0x000000bfae800000] [id=38276]
  0x0000022b6c496800 ConcurrentGCThread "G1 Refine#0" [stack: 0x000000bfae800000,0x000000bfae900000] [id=43236]
  0x0000022b6c497800 ConcurrentGCThread "G1 Young RemSet Sampling" [stack: 0x000000bfae900000,0x000000bfaea00000] [id=39200]

Threads with active compile tasks:
C2 CompilerThread0   9454 2968       4       java.lang.invoke.MethodType::makeImpl (108 bytes)
C2 CompilerThread1   9454 3008       4       org.springframework.beans.factory.support.AbstractBeanFactory::isTypeMatch (607 bytes)

VM state:not at safepoint (normal execution)

VM Mutex/Monitor currently owned by a thread: None

Heap address: 0x0000000741600000, size: 3050 MB, Compressed Oops mode: Zero based, Oop shift amount: 3
Narrow klass base: 0x0000000800000000, Narrow klass shift: 0
Compressed class space size: 1073741824 Address: 0x0000000800000000

Heap:
 garbage-first heap   total 196608K, used 40265K [0x0000000741600000, 0x0000000800000000)
  region size 1024K, 35 young (35840K), 6 survivors (6144K)
 Metaspace       used 31915K, capacity 32716K, committed 32892K, reserved 1077248K
  class space    used 3791K, capacity 4122K, committed 4224K, reserved 1048576K
Heap Regions: E=young(eden), S=young(survivor), O=old, HS=humongous(starts), HC=humongous(continues), CS=collection set, F=free, A=archive, TAMS=top-at-mark-start (previous, next)
|   0|0x0000000741600000, 0x0000000741700000, 0x0000000741700000|100%|HS|  |TAMS 0x0000000741700000, 0x0000000741600000| Complete 
|   1|0x0000000741700000, 0x0000000741800000, 0x0000000741800000|100%| O|  |TAMS 0x0000000741800000, 0x0000000741700000| Untracked 
|   2|0x0000000741800000, 0x0000000741900000, 0x0000000741900000|100%| O|  |TAMS 0x0000000741900000, 0x0000000741800000| Untracked 
|   3|0x0000000741900000, 0x0000000741a00000, 0x0000000741a00000|100%| O|  |TAMS 0x0000000741a00000, 0x0000000741900000| Untracked 
|   4|0x0000000741a00000, 0x0000000741b00000, 0x0000000741b00000|100%| O|  |TAMS 0x0000000741b00000, 0x0000000741a00000| Untracked 
|   5|0x0000000741b00000, 0x0000000741bf4400, 0x0000000741c00000| 95%| O|  |TAMS 0x0000000741bf4400, 0x0000000741b00000| Untracked 
|   6|0x0000000741c00000, 0x0000000741c00000, 0x0000000741d00000|  0%| F|  |TAMS 0x0000000741c00000, 0x0000000741c00000| Untracked 
|   7|0x0000000741d00000, 0x0000000741d00000, 0x0000000741e00000|  0%| F|  |TAMS 0x0000000741d00000, 0x0000000741d00000| Untracked 
|   8|0x0000000741e00000, 0x0000000741e00000, 0x0000000741f00000|  0%| F|  |TAMS 0x0000000741e00000, 0x0000000741e00000| Untracked 
|   9|0x0000000741f00000, 0x0000000741f00000, 0x0000000742000000|  0%| F|  |TAMS 0x0000000741f00000, 0x0000000741f00000| Untracked 
|  10|0x0000000742000000, 0x0000000742000000, 0x0000000742100000|  0%| F|  |TAMS 0x0000000742000000, 0x0000000742000000| Untracked 
|  11|0x0000000742100000, 0x0000000742100000, 0x0000000742200000|  0%| F|  |TAMS 0x0000000742100000, 0x0000000742100000| Untracked 
|  12|0x0000000742200000, 0x0000000742200000, 0x0000000742300000|  0%| F|  |TAMS 0x0000000742200000, 0x0000000742200000| Untracked 
|  13|0x0000000742300000, 0x0000000742300000, 0x0000000742400000|  0%| F|  |TAMS 0x0000000742300000, 0x0000000742300000| Untracked 
|  14|0x0000000742400000, 0x0000000742400000, 0x0000000742500000|  0%| F|  |TAMS 0x0000000742400000, 0x0000000742400000| Untracked 
|  15|0x0000000742500000, 0x0000000742500000, 0x0000000742600000|  0%| F|  |TAMS 0x0000000742500000, 0x0000000742500000| Untracked 
|  16|0x0000000742600000, 0x0000000742600000, 0x0000000742700000|  0%| F|  |TAMS 0x0000000742600000, 0x0000000742600000| Untracked 
|  17|0x0000000742700000, 0x0000000742700000, 0x0000000742800000|  0%| F|  |TAMS 0x0000000742700000, 0x0000000742700000| Untracked 
|  18|0x0000000742800000, 0x0000000742800000, 0x0000000742900000|  0%| F|  |TAMS 0x0000000742800000, 0x0000000742800000| Untracked 
|  19|0x0000000742900000, 0x0000000742900000, 0x0000000742a00000|  0%| F|  |TAMS 0x0000000742900000, 0x0000000742900000| Untracked 
|  20|0x0000000742a00000, 0x0000000742a00000, 0x0000000742b00000|  0%| F|  |TAMS 0x0000000742a00000, 0x0000000742a00000| Untracked 
|  21|0x0000000742b00000, 0x0000000742b00000, 0x0000000742c00000|  0%| F|  |TAMS 0x0000000742b00000, 0x0000000742b00000| Untracked 
|  22|0x0000000742c00000, 0x0000000742c00000, 0x0000000742d00000|  0%| F|  |TAMS 0x0000000742c00000, 0x0000000742c00000| Untracked 
|  23|0x0000000742d00000, 0x0000000742d00000, 0x0000000742e00000|  0%| F|  |TAMS 0x0000000742d00000, 0x0000000742d00000| Untracked 
|  24|0x0000000742e00000, 0x0000000742e00000, 0x0000000742f00000|  0%| F|  |TAMS 0x0000000742e00000, 0x0000000742e00000| Untracked 
|  25|0x0000000742f00000, 0x0000000742f00000, 0x0000000743000000|  0%| F|  |TAMS 0x0000000742f00000, 0x0000000742f00000| Untracked 
|  26|0x0000000743000000, 0x0000000743000000, 0x0000000743100000|  0%| F|  |TAMS 0x0000000743000000, 0x0000000743000000| Untracked 
|  27|0x0000000743100000, 0x0000000743100000, 0x0000000743200000|  0%| F|  |TAMS 0x0000000743100000, 0x0000000743100000| Untracked 
|  28|0x0000000743200000, 0x0000000743200000, 0x0000000743300000|  0%| F|  |TAMS 0x0000000743200000, 0x0000000743200000| Untracked 
|  29|0x0000000743300000, 0x0000000743300000, 0x0000000743400000|  0%| F|  |TAMS 0x0000000743300000, 0x0000000743300000| Untracked 
|  30|0x0000000743400000, 0x0000000743400000, 0x0000000743500000|  0%| F|  |TAMS 0x0000000743400000, 0x0000000743400000| Untracked 
|  31|0x0000000743500000, 0x0000000743500000, 0x0000000743600000|  0%| F|  |TAMS 0x0000000743500000, 0x0000000743500000| Untracked 
|  32|0x0000000743600000, 0x0000000743600000, 0x0000000743700000|  0%| F|  |TAMS 0x0000000743600000, 0x0000000743600000| Untracked 
|  33|0x0000000743700000, 0x0000000743700000, 0x0000000743800000|  0%| F|  |TAMS 0x0000000743700000, 0x0000000743700000| Untracked 
|  34|0x0000000743800000, 0x0000000743800000, 0x0000000743900000|  0%| F|  |TAMS 0x0000000743800000, 0x0000000743800000| Untracked 
|  35|0x0000000743900000, 0x0000000743900000, 0x0000000743a00000|  0%| F|  |TAMS 0x0000000743900000, 0x0000000743900000| Untracked 
|  36|0x0000000743a00000, 0x0000000743a00000, 0x0000000743b00000|  0%| F|  |TAMS 0x0000000743a00000, 0x0000000743a00000| Untracked 
|  37|0x0000000743b00000, 0x0000000743b00000, 0x0000000743c00000|  0%| F|  |TAMS 0x0000000743b00000, 0x0000000743b00000| Untracked 
|  38|0x0000000743c00000, 0x0000000743c00000, 0x0000000743d00000|  0%| F|  |TAMS 0x0000000743c00000, 0x0000000743c00000| Untracked 
|  39|0x0000000743d00000, 0x0000000743d00000, 0x0000000743e00000|  0%| F|  |TAMS 0x0000000743d00000, 0x0000000743d00000| Untracked 
|  40|0x0000000743e00000, 0x0000000743e00000, 0x0000000743f00000|  0%| F|  |TAMS 0x0000000743e00000, 0x0000000743e00000| Untracked 
|  41|0x0000000743f00000, 0x0000000743f00000, 0x0000000744000000|  0%| F|  |TAMS 0x0000000743f00000, 0x0000000743f00000| Untracked 
|  42|0x0000000744000000, 0x0000000744000000, 0x0000000744100000|  0%| F|  |TAMS 0x0000000744000000, 0x0000000744000000| Untracked 
|  43|0x0000000744100000, 0x0000000744100000, 0x0000000744200000|  0%| F|  |TAMS 0x0000000744100000, 0x0000000744100000| Untracked 
|  44|0x0000000744200000, 0x0000000744200000, 0x0000000744300000|  0%| F|  |TAMS 0x0000000744200000, 0x0000000744200000| Untracked 
|  45|0x0000000744300000, 0x0000000744300000, 0x0000000744400000|  0%| F|  |TAMS 0x0000000744300000, 0x0000000744300000| Untracked 
|  46|0x0000000744400000, 0x0000000744400000, 0x0000000744500000|  0%| F|  |TAMS 0x0000000744400000, 0x0000000744400000| Untracked 
|  47|0x0000000744500000, 0x0000000744500000, 0x0000000744600000|  0%| F|  |TAMS 0x0000000744500000, 0x0000000744500000| Untracked 
|  48|0x0000000744600000, 0x0000000744600000, 0x0000000744700000|  0%| F|  |TAMS 0x0000000744600000, 0x0000000744600000| Untracked 
|  49|0x0000000744700000, 0x0000000744700000, 0x0000000744800000|  0%| F|  |TAMS 0x0000000744700000, 0x0000000744700000| Untracked 
|  50|0x0000000744800000, 0x0000000744800000, 0x0000000744900000|  0%| F|  |TAMS 0x0000000744800000, 0x0000000744800000| Untracked 
|  51|0x0000000744900000, 0x0000000744900000, 0x0000000744a00000|  0%| F|  |TAMS 0x0000000744900000, 0x0000000744900000| Untracked 
|  52|0x0000000744a00000, 0x0000000744a00000, 0x0000000744b00000|  0%| F|  |TAMS 0x0000000744a00000, 0x0000000744a00000| Untracked 
|  53|0x0000000744b00000, 0x0000000744b00000, 0x0000000744c00000|  0%| F|  |TAMS 0x0000000744b00000, 0x0000000744b00000| Untracked 
|  54|0x0000000744c00000, 0x0000000744c00000, 0x0000000744d00000|  0%| F|  |TAMS 0x0000000744c00000, 0x0000000744c00000| Untracked 
|  55|0x0000000744d00000, 0x0000000744d00000, 0x0000000744e00000|  0%| F|  |TAMS 0x0000000744d00000, 0x0000000744d00000| Untracked 
|  56|0x0000000744e00000, 0x0000000744e00000, 0x0000000744f00000|  0%| F|  |TAMS 0x0000000744e00000, 0x0000000744e00000| Untracked 
|  57|0x0000000744f00000, 0x0000000744f00000, 0x0000000745000000|  0%| F|  |TAMS 0x0000000744f00000, 0x0000000744f00000| Untracked 
|  58|0x0000000745000000, 0x0000000745000000, 0x0000000745100000|  0%| F|  |TAMS 0x0000000745000000, 0x0000000745000000| Untracked 
|  59|0x0000000745100000, 0x0000000745100000, 0x0000000745200000|  0%| F|  |TAMS 0x0000000745100000, 0x0000000745100000| Untracked 
|  60|0x0000000745200000, 0x0000000745200000, 0x0000000745300000|  0%| F|  |TAMS 0x0000000745200000, 0x0000000745200000| Untracked 
|  61|0x0000000745300000, 0x0000000745300000, 0x0000000745400000|  0%| F|  |TAMS 0x0000000745300000, 0x0000000745300000| Untracked 
|  62|0x0000000745400000, 0x0000000745400000, 0x0000000745500000|  0%| F|  |TAMS 0x0000000745400000, 0x0000000745400000| Untracked 
|  63|0x0000000745500000, 0x0000000745500000, 0x0000000745600000|  0%| F|  |TAMS 0x0000000745500000, 0x0000000745500000| Untracked 
|  64|0x0000000745600000, 0x0000000745600000, 0x0000000745700000|  0%| F|  |TAMS 0x0000000745600000, 0x0000000745600000| Untracked 
|  65|0x0000000745700000, 0x0000000745700000, 0x0000000745800000|  0%| F|  |TAMS 0x0000000745700000, 0x0000000745700000| Untracked 
|  66|0x0000000745800000, 0x0000000745800000, 0x0000000745900000|  0%| F|  |TAMS 0x0000000745800000, 0x0000000745800000| Untracked 
|  67|0x0000000745900000, 0x0000000745900000, 0x0000000745a00000|  0%| F|  |TAMS 0x0000000745900000, 0x0000000745900000| Untracked 
|  68|0x0000000745a00000, 0x0000000745a00000, 0x0000000745b00000|  0%| F|  |TAMS 0x0000000745a00000, 0x0000000745a00000| Untracked 
|  69|0x0000000745b00000, 0x0000000745b00000, 0x0000000745c00000|  0%| F|  |TAMS 0x0000000745b00000, 0x0000000745b00000| Untracked 
|  70|0x0000000745c00000, 0x0000000745c00000, 0x0000000745d00000|  0%| F|  |TAMS 0x0000000745c00000, 0x0000000745c00000| Untracked 
|  71|0x0000000745d00000, 0x0000000745d00000, 0x0000000745e00000|  0%| F|  |TAMS 0x0000000745d00000, 0x0000000745d00000| Untracked 
|  72|0x0000000745e00000, 0x0000000745e00000, 0x0000000745f00000|  0%| F|  |TAMS 0x0000000745e00000, 0x0000000745e00000| Untracked 
|  73|0x0000000745f00000, 0x0000000745f00000, 0x0000000746000000|  0%| F|  |TAMS 0x0000000745f00000, 0x0000000745f00000| Untracked 
|  74|0x0000000746000000, 0x0000000746000000, 0x0000000746100000|  0%| F|  |TAMS 0x0000000746000000, 0x0000000746000000| Untracked 
|  75|0x0000000746100000, 0x0000000746100000, 0x0000000746200000|  0%| F|  |TAMS 0x0000000746100000, 0x0000000746100000| Untracked 
|  76|0x0000000746200000, 0x0000000746200000, 0x0000000746300000|  0%| F|  |TAMS 0x0000000746200000, 0x0000000746200000| Untracked 
|  77|0x0000000746300000, 0x0000000746300000, 0x0000000746400000|  0%| F|  |TAMS 0x0000000746300000, 0x0000000746300000| Untracked 
|  78|0x0000000746400000, 0x0000000746400000, 0x0000000746500000|  0%| F|  |TAMS 0x0000000746400000, 0x0000000746400000| Untracked 
|  79|0x0000000746500000, 0x0000000746500000, 0x0000000746600000|  0%| F|  |TAMS 0x0000000746500000, 0x0000000746500000| Untracked 
|  80|0x0000000746600000, 0x0000000746600000, 0x0000000746700000|  0%| F|  |TAMS 0x0000000746600000, 0x0000000746600000| Untracked 
|  81|0x0000000746700000, 0x0000000746700000, 0x0000000746800000|  0%| F|  |TAMS 0x0000000746700000, 0x0000000746700000| Untracked 
|  82|0x0000000746800000, 0x0000000746800000, 0x0000000746900000|  0%| F|  |TAMS 0x0000000746800000, 0x0000000746800000| Untracked 
|  83|0x0000000746900000, 0x0000000746900000, 0x0000000746a00000|  0%| F|  |TAMS 0x0000000746900000, 0x0000000746900000| Untracked 
|  84|0x0000000746a00000, 0x0000000746a00000, 0x0000000746b00000|  0%| F|  |TAMS 0x0000000746a00000, 0x0000000746a00000| Untracked 
|  85|0x0000000746b00000, 0x0000000746b00000, 0x0000000746c00000|  0%| F|  |TAMS 0x0000000746b00000, 0x0000000746b00000| Untracked 
|  86|0x0000000746c00000, 0x0000000746c00000, 0x0000000746d00000|  0%| F|  |TAMS 0x0000000746c00000, 0x0000000746c00000| Untracked 
|  87|0x0000000746d00000, 0x0000000746d00000, 0x0000000746e00000|  0%| F|  |TAMS 0x0000000746d00000, 0x0000000746d00000| Untracked 
|  88|0x0000000746e00000, 0x0000000746e00000, 0x0000000746f00000|  0%| F|  |TAMS 0x0000000746e00000, 0x0000000746e00000| Untracked 
|  89|0x0000000746f00000, 0x0000000746f00000, 0x0000000747000000|  0%| F|  |TAMS 0x0000000746f00000, 0x0000000746f00000| Untracked 
|  90|0x0000000747000000, 0x0000000747000000, 0x0000000747100000|  0%| F|  |TAMS 0x0000000747000000, 0x0000000747000000| Untracked 
|  91|0x0000000747100000, 0x0000000747100000, 0x0000000747200000|  0%| F|  |TAMS 0x0000000747100000, 0x0000000747100000| Untracked 
|  92|0x0000000747200000, 0x0000000747200000, 0x0000000747300000|  0%| F|  |TAMS 0x0000000747200000, 0x0000000747200000| Untracked 
|  93|0x0000000747300000, 0x0000000747300000, 0x0000000747400000|  0%| F|  |TAMS 0x0000000747300000, 0x0000000747300000| Untracked 
|  94|0x0000000747400000, 0x0000000747400000, 0x0000000747500000|  0%| F|  |TAMS 0x0000000747400000, 0x0000000747400000| Untracked 
|  95|0x0000000747500000, 0x000000074755e1a0, 0x0000000747600000| 36%| S|CS|TAMS 0x0000000747500000, 0x0000000747500000| Complete 
|  96|0x0000000747600000, 0x0000000747700000, 0x0000000747700000|100%| S|CS|TAMS 0x0000000747600000, 0x0000000747600000| Complete 
|  97|0x0000000747700000, 0x0000000747800000, 0x0000000747800000|100%| S|CS|TAMS 0x0000000747700000, 0x0000000747700000| Complete 
|  98|0x0000000747800000, 0x0000000747900000, 0x0000000747900000|100%| S|CS|TAMS 0x0000000747800000, 0x0000000747800000| Complete 
|  99|0x0000000747900000, 0x0000000747a00000, 0x0000000747a00000|100%| S|CS|TAMS 0x0000000747900000, 0x0000000747900000| Complete 
| 100|0x0000000747a00000, 0x0000000747b00000, 0x0000000747b00000|100%| S|CS|TAMS 0x0000000747a00000, 0x0000000747a00000| Complete 
| 101|0x0000000747b00000, 0x0000000747b00000, 0x0000000747c00000|  0%| F|  |TAMS 0x0000000747b00000, 0x0000000747b00000| Untracked 
| 102|0x0000000747c00000, 0x0000000747c00000, 0x0000000747d00000|  0%| F|  |TAMS 0x0000000747c00000, 0x0000000747c00000| Untracked 
| 103|0x0000000747d00000, 0x0000000747d00000, 0x0000000747e00000|  0%| F|  |TAMS 0x0000000747d00000, 0x0000000747d00000| Untracked 
| 104|0x0000000747e00000, 0x0000000747e00000, 0x0000000747f00000|  0%| F|  |TAMS 0x0000000747e00000, 0x0000000747e00000| Untracked 
| 105|0x0000000747f00000, 0x0000000747f00000, 0x0000000748000000|  0%| F|  |TAMS 0x0000000747f00000, 0x0000000747f00000| Untracked 
| 106|0x0000000748000000, 0x0000000748000000, 0x0000000748100000|  0%| F|  |TAMS 0x0000000748000000, 0x0000000748000000| Untracked 
| 107|0x0000000748100000, 0x0000000748100000, 0x0000000748200000|  0%| F|  |TAMS 0x0000000748100000, 0x0000000748100000| Untracked 
| 108|0x0000000748200000, 0x0000000748200000, 0x0000000748300000|  0%| F|  |TAMS 0x0000000748200000, 0x0000000748200000| Untracked 
| 109|0x0000000748300000, 0x0000000748300000, 0x0000000748400000|  0%| F|  |TAMS 0x0000000748300000, 0x0000000748300000| Untracked 
| 110|0x0000000748400000, 0x0000000748400000, 0x0000000748500000|  0%| F|  |TAMS 0x0000000748400000, 0x0000000748400000| Untracked 
| 111|0x0000000748500000, 0x0000000748500000, 0x0000000748600000|  0%| F|  |TAMS 0x0000000748500000, 0x0000000748500000| Untracked 
| 112|0x0000000748600000, 0x0000000748600000, 0x0000000748700000|  0%| F|  |TAMS 0x0000000748600000, 0x0000000748600000| Untracked 
| 113|0x0000000748700000, 0x0000000748700000, 0x0000000748800000|  0%| F|  |TAMS 0x0000000748700000, 0x0000000748700000| Untracked 
| 114|0x0000000748800000, 0x0000000748800000, 0x0000000748900000|  0%| F|  |TAMS 0x0000000748800000, 0x0000000748800000| Untracked 
| 115|0x0000000748900000, 0x0000000748900000, 0x0000000748a00000|  0%| F|  |TAMS 0x0000000748900000, 0x0000000748900000| Untracked 
| 116|0x0000000748a00000, 0x0000000748a00000, 0x0000000748b00000|  0%| F|  |TAMS 0x0000000748a00000, 0x0000000748a00000| Untracked 
| 117|0x0000000748b00000, 0x0000000748b00000, 0x0000000748c00000|  0%| F|  |TAMS 0x0000000748b00000, 0x0000000748b00000| Untracked 
| 118|0x0000000748c00000, 0x0000000748c00000, 0x0000000748d00000|  0%| F|  |TAMS 0x0000000748c00000, 0x0000000748c00000| Untracked 
| 119|0x0000000748d00000, 0x0000000748d00000, 0x0000000748e00000|  0%| F|  |TAMS 0x0000000748d00000, 0x0000000748d00000| Untracked 
| 120|0x0000000748e00000, 0x0000000748e00000, 0x0000000748f00000|  0%| F|  |TAMS 0x0000000748e00000, 0x0000000748e00000| Untracked 
| 121|0x0000000748f00000, 0x0000000748f00000, 0x0000000749000000|  0%| F|  |TAMS 0x0000000748f00000, 0x0000000748f00000| Untracked 
| 122|0x0000000749000000, 0x0000000749000000, 0x0000000749100000|  0%| F|  |TAMS 0x0000000749000000, 0x0000000749000000| Untracked 
| 123|0x0000000749100000, 0x0000000749100000, 0x0000000749200000|  0%| F|  |TAMS 0x0000000749100000, 0x0000000749100000| Untracked 
| 124|0x0000000749200000, 0x0000000749200000, 0x0000000749300000|  0%| F|  |TAMS 0x0000000749200000, 0x0000000749200000| Untracked 
| 125|0x0000000749300000, 0x0000000749300000, 0x0000000749400000|  0%| F|  |TAMS 0x0000000749300000, 0x0000000749300000| Untracked 
| 126|0x0000000749400000, 0x0000000749400000, 0x0000000749500000|  0%| F|  |TAMS 0x0000000749400000, 0x0000000749400000| Untracked 
| 127|0x0000000749500000, 0x0000000749500000, 0x0000000749600000|  0%| F|  |TAMS 0x0000000749500000, 0x0000000749500000| Untracked 
| 128|0x0000000749600000, 0x0000000749600000, 0x0000000749700000|  0%| F|  |TAMS 0x0000000749600000, 0x0000000749600000| Untracked 
| 129|0x0000000749700000, 0x0000000749700000, 0x0000000749800000|  0%| F|  |TAMS 0x0000000749700000, 0x0000000749700000| Untracked 
| 130|0x0000000749800000, 0x0000000749800000, 0x0000000749900000|  0%| F|  |TAMS 0x0000000749800000, 0x0000000749800000| Untracked 
| 131|0x0000000749900000, 0x0000000749900000, 0x0000000749a00000|  0%| F|  |TAMS 0x0000000749900000, 0x0000000749900000| Untracked 
| 132|0x0000000749a00000, 0x0000000749a00000, 0x0000000749b00000|  0%| F|  |TAMS 0x0000000749a00000, 0x0000000749a00000| Untracked 
| 133|0x0000000749b00000, 0x0000000749b00000, 0x0000000749c00000|  0%| F|  |TAMS 0x0000000749b00000, 0x0000000749b00000| Untracked 
| 134|0x0000000749c00000, 0x0000000749c00000, 0x0000000749d00000|  0%| F|  |TAMS 0x0000000749c00000, 0x0000000749c00000| Untracked 
| 135|0x0000000749d00000, 0x0000000749d00000, 0x0000000749e00000|  0%| F|  |TAMS 0x0000000749d00000, 0x0000000749d00000| Untracked 
| 136|0x0000000749e00000, 0x0000000749e00000, 0x0000000749f00000|  0%| F|  |TAMS 0x0000000749e00000, 0x0000000749e00000| Untracked 
| 137|0x0000000749f00000, 0x0000000749f00000, 0x000000074a000000|  0%| F|  |TAMS 0x0000000749f00000, 0x0000000749f00000| Untracked 
| 138|0x000000074a000000, 0x000000074a000000, 0x000000074a100000|  0%| F|  |TAMS 0x000000074a000000, 0x000000074a000000| Untracked 
| 139|0x000000074a100000, 0x000000074a100000, 0x000000074a200000|  0%| F|  |TAMS 0x000000074a100000, 0x000000074a100000| Untracked 
| 140|0x000000074a200000, 0x000000074a200000, 0x000000074a300000|  0%| F|  |TAMS 0x000000074a200000, 0x000000074a200000| Untracked 
| 141|0x000000074a300000, 0x000000074a300000, 0x000000074a400000|  0%| F|  |TAMS 0x000000074a300000, 0x000000074a300000| Untracked 
| 142|0x000000074a400000, 0x000000074a400000, 0x000000074a500000|  0%| F|  |TAMS 0x000000074a400000, 0x000000074a400000| Untracked 
| 143|0x000000074a500000, 0x000000074a500000, 0x000000074a600000|  0%| F|  |TAMS 0x000000074a500000, 0x000000074a500000| Untracked 
| 144|0x000000074a600000, 0x000000074a600000, 0x000000074a700000|  0%| F|  |TAMS 0x000000074a600000, 0x000000074a600000| Untracked 
| 145|0x000000074a700000, 0x000000074a700000, 0x000000074a800000|  0%| F|  |TAMS 0x000000074a700000, 0x000000074a700000| Untracked 
| 146|0x000000074a800000, 0x000000074a800000, 0x000000074a900000|  0%| F|  |TAMS 0x000000074a800000, 0x000000074a800000| Untracked 
| 147|0x000000074a900000, 0x000000074a900000, 0x000000074aa00000|  0%| F|  |TAMS 0x000000074a900000, 0x000000074a900000| Untracked 
| 148|0x000000074aa00000, 0x000000074aa00000, 0x000000074ab00000|  0%| F|  |TAMS 0x000000074aa00000, 0x000000074aa00000| Untracked 
| 149|0x000000074ab00000, 0x000000074ab00000, 0x000000074ac00000|  0%| F|  |TAMS 0x000000074ab00000, 0x000000074ab00000| Untracked 
| 150|0x000000074ac00000, 0x000000074ac00000, 0x000000074ad00000|  0%| F|  |TAMS 0x000000074ac00000, 0x000000074ac00000| Untracked 
| 151|0x000000074ad00000, 0x000000074ad00000, 0x000000074ae00000|  0%| F|  |TAMS 0x000000074ad00000, 0x000000074ad00000| Untracked 
| 152|0x000000074ae00000, 0x000000074ae00000, 0x000000074af00000|  0%| F|  |TAMS 0x000000074ae00000, 0x000000074ae00000| Untracked 
| 153|0x000000074af00000, 0x000000074af00000, 0x000000074b000000|  0%| F|  |TAMS 0x000000074af00000, 0x000000074af00000| Untracked 
| 154|0x000000074b000000, 0x000000074b000000, 0x000000074b100000|  0%| F|  |TAMS 0x000000074b000000, 0x000000074b000000| Untracked 
| 155|0x000000074b100000, 0x000000074b100000, 0x000000074b200000|  0%| F|  |TAMS 0x000000074b100000, 0x000000074b100000| Untracked 
| 156|0x000000074b200000, 0x000000074b200000, 0x000000074b300000|  0%| F|  |TAMS 0x000000074b200000, 0x000000074b200000| Untracked 
| 157|0x000000074b300000, 0x000000074b300000, 0x000000074b400000|  0%| F|  |TAMS 0x000000074b300000, 0x000000074b300000| Untracked 
| 158|0x000000074b400000, 0x000000074b400000, 0x000000074b500000|  0%| F|  |TAMS 0x000000074b400000, 0x000000074b400000| Untracked 
| 159|0x000000074b500000, 0x000000074b500000, 0x000000074b600000|  0%| F|  |TAMS 0x000000074b500000, 0x000000074b500000| Untracked 
| 160|0x000000074b600000, 0x000000074b600000, 0x000000074b700000|  0%| F|  |TAMS 0x000000074b600000, 0x000000074b600000| Untracked 
| 161|0x000000074b700000, 0x000000074b700000, 0x000000074b800000|  0%| F|  |TAMS 0x000000074b700000, 0x000000074b700000| Untracked 
| 162|0x000000074b800000, 0x000000074b800000, 0x000000074b900000|  0%| F|  |TAMS 0x000000074b800000, 0x000000074b800000| Untracked 
| 163|0x000000074b900000, 0x000000074ba00000, 0x000000074ba00000|100%| E|  |TAMS 0x000000074b900000, 0x000000074b900000| Complete 
| 164|0x000000074ba00000, 0x000000074bb00000, 0x000000074bb00000|100%| E|CS|TAMS 0x000000074ba00000, 0x000000074ba00000| Complete 
| 165|0x000000074bb00000, 0x000000074bc00000, 0x000000074bc00000|100%| E|CS|TAMS 0x000000074bb00000, 0x000000074bb00000| Complete 
| 166|0x000000074bc00000, 0x000000074bd00000, 0x000000074bd00000|100%| E|CS|TAMS 0x000000074bc00000, 0x000000074bc00000| Complete 
| 167|0x000000074bd00000, 0x000000074be00000, 0x000000074be00000|100%| E|CS|TAMS 0x000000074bd00000, 0x000000074bd00000| Complete 
| 168|0x000000074be00000, 0x000000074bf00000, 0x000000074bf00000|100%| E|CS|TAMS 0x000000074be00000, 0x000000074be00000| Complete 
| 169|0x000000074bf00000, 0x000000074c000000, 0x000000074c000000|100%| E|CS|TAMS 0x000000074bf00000, 0x000000074bf00000| Complete 
| 170|0x000000074c000000, 0x000000074c100000, 0x000000074c100000|100%| E|CS|TAMS 0x000000074c000000, 0x000000074c000000| Complete 
| 171|0x000000074c100000, 0x000000074c200000, 0x000000074c200000|100%| E|CS|TAMS 0x000000074c100000, 0x000000074c100000| Complete 
| 172|0x000000074c200000, 0x000000074c300000, 0x000000074c300000|100%| E|CS|TAMS 0x000000074c200000, 0x000000074c200000| Complete 
| 173|0x000000074c300000, 0x000000074c400000, 0x000000074c400000|100%| E|CS|TAMS 0x000000074c300000, 0x000000074c300000| Complete 
| 174|0x000000074c400000, 0x000000074c500000, 0x000000074c500000|100%| E|CS|TAMS 0x000000074c400000, 0x000000074c400000| Complete 
| 175|0x000000074c500000, 0x000000074c600000, 0x000000074c600000|100%| E|CS|TAMS 0x000000074c500000, 0x000000074c500000| Complete 
| 176|0x000000074c600000, 0x000000074c700000, 0x000000074c700000|100%| E|CS|TAMS 0x000000074c600000, 0x000000074c600000| Complete 
| 177|0x000000074c700000, 0x000000074c800000, 0x000000074c800000|100%| E|CS|TAMS 0x000000074c700000, 0x000000074c700000| Complete 
| 178|0x000000074c800000, 0x000000074c900000, 0x000000074c900000|100%| E|CS|TAMS 0x000000074c800000, 0x000000074c800000| Complete 
| 179|0x000000074c900000, 0x000000074ca00000, 0x000000074ca00000|100%| E|CS|TAMS 0x000000074c900000, 0x000000074c900000| Complete 
| 180|0x000000074ca00000, 0x000000074cb00000, 0x000000074cb00000|100%| E|CS|TAMS 0x000000074ca00000, 0x000000074ca00000| Complete 
| 181|0x000000074cb00000, 0x000000074cc00000, 0x000000074cc00000|100%| E|CS|TAMS 0x000000074cb00000, 0x000000074cb00000| Complete 
| 182|0x000000074cc00000, 0x000000074cd00000, 0x000000074cd00000|100%| E|CS|TAMS 0x000000074cc00000, 0x000000074cc00000| Complete 
| 183|0x000000074cd00000, 0x000000074ce00000, 0x000000074ce00000|100%| E|CS|TAMS 0x000000074cd00000, 0x000000074cd00000| Complete 
| 184|0x000000074ce00000, 0x000000074cf00000, 0x000000074cf00000|100%| E|CS|TAMS 0x000000074ce00000, 0x000000074ce00000| Complete 
| 185|0x000000074cf00000, 0x000000074d000000, 0x000000074d000000|100%| E|CS|TAMS 0x000000074cf00000, 0x000000074cf00000| Complete 
| 186|0x000000074d000000, 0x000000074d100000, 0x000000074d100000|100%| E|CS|TAMS 0x000000074d000000, 0x000000074d000000| Complete 
| 187|0x000000074d100000, 0x000000074d200000, 0x000000074d200000|100%| E|CS|TAMS 0x000000074d100000, 0x000000074d100000| Complete 
| 188|0x000000074d200000, 0x000000074d300000, 0x000000074d300000|100%| E|CS|TAMS 0x000000074d200000, 0x000000074d200000| Complete 
| 189|0x000000074d300000, 0x000000074d400000, 0x000000074d400000|100%| E|CS|TAMS 0x000000074d300000, 0x000000074d300000| Complete 
| 190|0x000000074d400000, 0x000000074d500000, 0x000000074d500000|100%| E|CS|TAMS 0x000000074d400000, 0x000000074d400000| Complete 
| 191|0x000000074d500000, 0x000000074d600000, 0x000000074d600000|100%| E|CS|TAMS 0x000000074d500000, 0x000000074d500000| Complete 

Card table byte_map: [0x0000022b63440000,0x0000022b63a40000] _byte_map_base: 0x0000022b5fa35000

Marking Bits (Prev, Next): (CMBitMap*) 0x0000022b49980ca0, (CMBitMap*) 0x0000022b49980c68
 Prev Bits: [0x0000022b66ff0000, 0x0000022b69f98000)
 Next Bits: [0x0000022b64040000, 0x0000022b66fe8000)

Polling page: 0x0000022b497c0000

Metaspace:

Usage:
  Non-class:     27.99 MB capacity,    27.48 MB ( 98%) used,   419.20 KB (  1%) free+waste,    96.50 KB ( <1%) overhead. 
      Class:      4.03 MB capacity,     3.71 MB ( 92%) used,   279.31 KB (  7%) free+waste,    46.81 KB (  1%) overhead. 
       Both:     32.01 MB capacity,    31.19 MB ( 97%) used,   698.51 KB (  2%) free+waste,   143.31 KB ( <1%) overhead. 

Virtual space:
  Non-class space:       28.00 MB reserved,      28.00 MB (>99%) committed 
      Class space:        1.00 GB reserved,       4.13 MB ( <1%) committed 
             Both:        1.03 GB reserved,      32.12 MB (  3%) committed 

Chunk freelists:
   Non-Class:  10.00 KB
       Class:  6.00 KB
        Both:  16.00 KB

MaxMetaspaceSize: 17179869184.00 GB
CompressedClassSpaceSize: 1.00 GB
Initial GC threshold: 20.80 MB
Current GC threshold: 35.20 MB
CDS: off

CodeHeap 'non-profiled nmethods': size=120064Kb used=1344Kb max_used=1344Kb free=118719Kb
 bounds [0x0000022b5b2d0000, 0x0000022b5b540000, 0x0000022b62810000]
CodeHeap 'profiled nmethods': size=120000Kb used=6741Kb max_used=6741Kb free=113258Kb
 bounds [0x0000022b53da0000, 0x0000022b54440000, 0x0000022b5b2d0000]
CodeHeap 'non-nmethods': size=5696Kb used=1188Kb max_used=1234Kb free=4507Kb
 bounds [0x0000022b53810000, 0x0000022b53a80000, 0x0000022b53da0000]
 total_blobs=3492 nmethods=3048 adapters=356
 compilation: enabled
              stopped_count=0, restarted_count=0
 full_count=0

Compilation events (20 events):
Event: 8.873 Thread 0x0000022b6ce80800 nmethod 2967 0x0000022b5b419410 code [0x0000022b5b4195a0, 0x0000022b5b419678]
Event: 8.879 Thread 0x0000022b6ce80800 2968       4       java.lang.invoke.MethodType::makeImpl (108 bytes)
Event: 8.881 Thread 0x0000022b6ce87000 2970       3       java.util.stream.Collectors$CollectorImpl::<init> (13 bytes)
Event: 8.881 Thread 0x0000022b6ce87000 nmethod 2970 0x0000022b543f5e10 code [0x0000022b543f6000, 0x0000022b543f65b8]
Event: 8.881 Thread 0x0000022b6ce87000 2971       3       java.util.stream.Collectors::castingIdentity (6 bytes)
Event: 8.882 Thread 0x0000022b6ce87000 nmethod 2971 0x0000022b543f6790 code [0x0000022b543f6960, 0x0000022b543f6bd8]
Event: 8.883 Thread 0x0000022b6ce87000 2972       3       java.util.regex.Pattern$LastNode::match (45 bytes)
Event: 8.883 Thread 0x0000022b6ce87000 nmethod 2972 0x0000022b543f6d10 code [0x0000022b543f6ec0, 0x0000022b543f70b8]
Event: 8.937 Thread 0x0000022b6ce87000 2974  s    3       java.lang.StringBuffer::append (13 bytes)
Event: 8.937 Thread 0x0000022b6ce87000 nmethod 2974 0x0000022b543f7210 code [0x0000022b543f73e0, 0x0000022b543f76e8]
Event: 8.940 Thread 0x0000022b6ce87000 2975       3       org.springframework.beans.factory.support.AbstractBeanFactory::getMergedLocalBeanDefinition (38 bytes)
Event: 8.941 Thread 0x0000022b6ce87000 nmethod 2975 0x0000022b543f7790 code [0x0000022b543f7980, 0x0000022b543f7f88]
Event: 8.941 Thread 0x0000022b6ce87000 2976   !   3       org.springframework.beans.factory.support.DefaultSingletonBeanRegistry::getSingleton (147 bytes)
Event: 8.942 Thread 0x0000022b6ce87000 nmethod 2976 0x0000022b543f8110 code [0x0000022b543f8380, 0x0000022b543f91e8]
Event: 8.942 Thread 0x0000022b6ce87000 2977       2       org.springframework.beans.factory.support.AbstractBeanFactory::isTypeMatch (607 bytes)
Event: 8.947 Thread 0x0000022b6ce87000 nmethod 2977 0x0000022b543f9710 code [0x0000022b543f9b20, 0x0000022b543fb238]
Event: 8.947 Thread 0x0000022b6ce87000 2979       3       org.springframework.beans.factory.support.DefaultSingletonBeanRegistry::isSingletonCurrentlyInCreation (11 bytes)
Event: 8.948 Thread 0x0000022b6ce87000 nmethod 2979 0x0000022b543fbf10 code [0x0000022b543fc0c0, 0x0000022b543fc288]
Event: 8.948 Thread 0x0000022b6ce87000 2980       3       java.util.LinkedHashMap$LinkedKeySet::size (8 bytes)
Event: 8.948 Thread 0x0000022b6ce87000 nmethod 2980 0x0000022b543fc390 code [0x0000022b543fc540, 0x0000022b543fc658]

GC Heap History (12 events):
Event: 1.634 GC heap before
{Heap before GC invocations=0 (full 0):
 garbage-first heap   total 196608K, used 15360K [0x0000000741600000, 0x0000000800000000)
  region size 1024K, 14 young (14336K), 0 survivors (0K)
 Metaspace       used 9365K, capacity 9501K, committed 9728K, reserved 1058816K
  class space    used 857K, capacity 911K, committed 1024K, reserved 1048576K
}
Event: 1.643 GC heap after
{Heap after GC invocations=1 (full 0):
 garbage-first heap   total 196608K, used 6008K [0x0000000741600000, 0x0000000800000000)
  region size 1024K, 2 young (2048K), 2 survivors (2048K)
 Metaspace       used 9365K, capacity 9501K, committed 9728K, reserved 1058816K
  class space    used 857K, capacity 911K, committed 1024K, reserved 1048576K
}
Event: 2.005 GC heap before
{Heap before GC invocations=1 (full 0):
 garbage-first heap   total 196608K, used 13176K [0x0000000741600000, 0x0000000800000000)
  region size 1024K, 9 young (9216K), 2 survivors (2048K)
 Metaspace       used 11213K, capacity 11418K, committed 11648K, reserved 1060864K
  class space    used 1090K, capacity 1148K, committed 1152K, reserved 1048576K
}
Event: 2.010 GC heap after
{Heap after GC invocations=2 (full 0):
 garbage-first heap   total 196608K, used 6524K [0x0000000741600000, 0x0000000800000000)
  region size 1024K, 1 young (1024K), 1 survivors (1024K)
 Metaspace       used 11213K, capacity 11418K, committed 11648K, reserved 1060864K
  class space    used 1090K, capacity 1148K, committed 1152K, reserved 1048576K
}
Event: 2.055 GC heap before
{Heap before GC invocations=2 (full 0):
 garbage-first heap   total 196608K, used 30076K [0x0000000741600000, 0x0000000800000000)
  region size 1024K, 25 young (25600K), 1 survivors (1024K)
 Metaspace       used 11223K, capacity 11418K, committed 11648K, reserved 1060864K
  class space    used 1090K, capacity 1148K, committed 1152K, reserved 1048576K
}
Event: 2.057 GC heap after
{Heap after GC invocations=3 (full 0):
 garbage-first heap   total 196608K, used 6621K [0x0000000741600000, 0x0000000800000000)
  region size 1024K, 1 young (1024K), 1 survivors (1024K)
 Metaspace       used 11223K, capacity 11418K, committed 11648K, reserved 1060864K
  class space    used 1090K, capacity 1148K, committed 1152K, reserved 1048576K
}
Event: 3.533 GC heap before
{Heap before GC invocations=3 (full 0):
 garbage-first heap   total 196608K, used 49629K [0x0000000741600000, 0x0000000800000000)
  region size 1024K, 44 young (45056K), 1 survivors (1024K)
 Metaspace       used 18493K, capacity 18986K, committed 19200K, reserved 1067008K
  class space    used 2013K, capacity 2199K, committed 2304K, reserved 1048576K
}
Event: 3.538 GC heap after
{Heap after GC invocations=4 (full 0):
 garbage-first heap   total 196608K, used 8407K [0x0000000741600000, 0x0000000800000000)
  region size 1024K, 3 young (3072K), 3 survivors (3072K)
 Metaspace       used 18493K, capacity 18986K, committed 19200K, reserved 1067008K
  class space    used 2013K, capacity 2199K, committed 2304K, reserved 1048576K
}
Event: 4.139 GC heap before
{Heap before GC invocations=4 (full 0):
 garbage-first heap   total 196608K, used 20695K [0x0000000741600000, 0x0000000800000000)
  region size 1024K, 16 young (16384K), 3 survivors (3072K)
 Metaspace       used 20736K, capacity 21210K, committed 21248K, reserved 1069056K
  class space    used 2336K, capacity 2532K, committed 2560K, reserved 1048576K
}
Event: 4.146 GC heap after
{Heap after GC invocations=5 (full 0):
 garbage-first heap   total 196608K, used 9033K [0x0000000741600000, 0x0000000800000000)
  region size 1024K, 3 young (3072K), 3 survivors (3072K)
 Metaspace       used 20736K, capacity 21210K, committed 21248K, reserved 1069056K
  class space    used 2336K, capacity 2532K, committed 2560K, reserved 1048576K
}
Event: 7.057 GC heap before
{Heap before GC invocations=6 (full 0):
 garbage-first heap   total 196608K, used 98121K [0x0000000741600000, 0x0000000800000000)
  region size 1024K, 91 young (93184K), 3 survivors (3072K)
 Metaspace       used 28931K, capacity 29658K, committed 29820K, reserved 1075200K
  class space    used 3391K, capacity 3689K, committed 3712K, reserved 1048576K
}
Event: 7.071 GC heap after
{Heap after GC invocations=7 (full 0):
 garbage-first heap   total 196608K, used 11593K [0x0000000741600000, 0x0000000800000000)
  region size 1024K, 6 young (6144K), 6 survivors (6144K)
 Metaspace       used 28931K, capacity 29658K, committed 29820K, reserved 1075200K
  class space    used 3391K, capacity 3689K, committed 3712K, reserved 1048576K
}

Deoptimization events (20 events):
Event: 8.471 Thread 0x0000022b6dd4c000 DEOPT PACKING pc=0x0000022b5b403bc8 sp=0x000000bfafafda00
Event: 8.471 Thread 0x0000022b6dd4c000 DEOPT UNPACKING pc=0x0000022b5385a1af sp=0x000000bfafafd9c0 mode 2
Event: 8.526 Thread 0x0000022b6dd4c000 Uncommon trap: trap_request=0xffffffcc fr.pc=0x0000022b5b3f8dbc relative=0x000000000000111c
Event: 8.526 Thread 0x0000022b6dd4c000 Uncommon trap: reason=intrinsic_or_type_checked_inlining action=make_not_entrant pc=0x0000022b5b3f8dbc method=java.util.ArrayList.toArray([Ljava/lang/Object;)[Ljava/lang/Object; @ 36 c2
Event: 8.526 Thread 0x0000022b6dd4c000 DEOPT PACKING pc=0x0000022b5b3f8dbc sp=0x000000bfafafd300
Event: 8.526 Thread 0x0000022b6dd4c000 DEOPT UNPACKING pc=0x0000022b5385a1af sp=0x000000bfafafd258 mode 2
Event: 8.683 Thread 0x0000022b6dd4c000 Uncommon trap: trap_request=0xffffff4d fr.pc=0x0000022b5b400110 relative=0x0000000000000630
Event: 8.683 Thread 0x0000022b6dd4c000 Uncommon trap: reason=unstable_if action=reinterpret pc=0x0000022b5b400110 method=org.springframework.beans.factory.support.AbstractBeanFactory.getMergedLocalBeanDefinition(Ljava/lang/String;)Lorg/springframework/beans/factory/support/RootBeanDefinition; 
Event: 8.683 Thread 0x0000022b6dd4c000 DEOPT PACKING pc=0x0000022b5b400110 sp=0x000000bfafafd8d0
Event: 8.683 Thread 0x0000022b6dd4c000 DEOPT UNPACKING pc=0x0000022b5385a1af sp=0x000000bfafafd898 mode 2
Event: 8.684 Thread 0x0000022b6dd4c000 Uncommon trap: trap_request=0xffffff4d fr.pc=0x0000022b5b401844 relative=0x0000000000000ba4
Event: 8.684 Thread 0x0000022b6dd4c000 Uncommon trap: reason=unstable_if action=reinterpret pc=0x0000022b5b401844 method=org.springframework.beans.factory.support.DefaultSingletonBeanRegistry.getSingleton(Ljava/lang/String;Z)Ljava/lang/Object; @ 20 c2
Event: 8.684 Thread 0x0000022b6dd4c000 DEOPT PACKING pc=0x0000022b5b401844 sp=0x000000bfafafd5b0
Event: 8.684 Thread 0x0000022b6dd4c000 DEOPT UNPACKING pc=0x0000022b5385a1af sp=0x000000bfafafd560 mode 2
Event: 8.774 Thread 0x0000022b6dd4c000 DEOPT PACKING pc=0x0000022b541b561c sp=0x000000bfafafce20
Event: 8.774 Thread 0x0000022b6dd4c000 DEOPT UNPACKING pc=0x0000022b5385a95e sp=0x000000bfafafc388 mode 0
Event: 8.779 Thread 0x0000022b6dd4c000 Uncommon trap: trap_request=0xffffffde fr.pc=0x0000022b5b3eeaa0 relative=0x0000000000000880
Event: 8.779 Thread 0x0000022b6dd4c000 Uncommon trap: reason=class_check action=maybe_recompile pc=0x0000022b5b3eeaa0 method=org.springframework.util.ConcurrentReferenceHashMap$Segment.findInChain(Lorg/springframework/util/ConcurrentReferenceHashMap$Reference;Ljava/lang/Object;I)Lorg/springfra
Event: 8.779 Thread 0x0000022b6dd4c000 DEOPT PACKING pc=0x0000022b5b3eeaa0 sp=0x000000bfafafdb00
Event: 8.779 Thread 0x0000022b6dd4c000 DEOPT UNPACKING pc=0x0000022b5385a1af sp=0x000000bfafafd938 mode 2

Classes redefined (0 events):
No events

Internal exceptions (20 events):
Event: 4.240 Thread 0x0000022b6dd4c000 Exception <a 'java/lang/ClassNotFoundException'{0x000000074d2a21c0}: org/springframework/beans/factory/AwareCustomizer> (0x000000074d2a21c0) thrown at [./src/hotspot/share/classfile/systemDictionary.cpp, line 231]
Event: 4.241 Thread 0x0000022b6dd4c000 Exception <a 'java/lang/ClassNotFoundException'{0x000000074d2affa0}: org/springframework/context/ApplicationStartupAwareCustomizer> (0x000000074d2affa0) thrown at [./src/hotspot/share/classfile/systemDictionary.cpp, line 231]
Event: 4.242 Thread 0x0000022b6dd4c000 Exception <a 'java/lang/ClassNotFoundException'{0x000000074d2bd918}: org/springframework/beans/factory/AwareCustomizer> (0x000000074d2bd918) thrown at [./src/hotspot/share/classfile/systemDictionary.cpp, line 231]
Event: 4.243 Thread 0x0000022b6dd4c000 Exception <a 'java/lang/ClassNotFoundException'{0x000000074d2cb978}: org/springframework/beans/factory/BeanClassLoaderAwareCustomizer> (0x000000074d2cb978) thrown at [./src/hotspot/share/classfile/systemDictionary.cpp, line 231]
Event: 4.244 Thread 0x0000022b6dd4c000 Exception <a 'java/lang/ClassNotFoundException'{0x000000074d2d9090}: org/springframework/beans/factory/AwareCustomizer> (0x000000074d2d9090) thrown at [./src/hotspot/share/classfile/systemDictionary.cpp, line 231]
Event: 4.246 Thread 0x0000022b6dd4c000 Exception <a 'java/lang/ClassNotFoundException'{0x000000074d2e6180}: org/springframework/context/EnvironmentAwareCustomizer> (0x000000074d2e6180) thrown at [./src/hotspot/share/classfile/systemDictionary.cpp, line 231]
Event: 4.247 Thread 0x0000022b6dd4c000 Exception <a 'java/lang/ClassNotFoundException'{0x000000074d2f3810}: org/springframework/beans/factory/AwareCustomizer> (0x000000074d2f3810) thrown at [./src/hotspot/share/classfile/systemDictionary.cpp, line 231]
Event: 5.114 Thread 0x0000022b6e2e4000 Exception <a 'java/lang/NoSuchMethodError'{0x0000000749b52140}: 'java.lang.Object java.lang.invoke.DirectMethodHandle$Holder.invokeStaticInit(java.lang.Object, java.lang.Object, java.lang.Object, java.lang.Object, java.lang.Object)'> (0x0000000749b52140) thrown at [./src/hotspot/share/interpreter/linkResolver.cpp, line 773]
Event: 5.130 Thread 0x0000022b6e2e4000 Exception <a 'java/lang/NoSuchMethodError'{0x0000000749a463d8}: 'java.lang.Object java.lang.invoke.DirectMethodHandle$Holder.invokeSpecial(java.lang.Object, java.lang.Object, int, int, java.lang.Object, java.lang.Object, java.lang.Object)'> (0x0000000749a463d8) thrown at [./src/hotspot/share/interpreter/linkResolver.cpp, line 773]
Event: 5.130 Thread 0x0000022b6e2e4000 Exception <a 'java/lang/NoSuchMethodError'{0x0000000749a49968}: 'java.lang.Object java.lang.invoke.DelegatingMethodHandle$Holder.reinvoke_L(java.lang.Object, int, int, java.lang.Object, java.lang.Object, java.lang.Object)'> (0x0000000749a49968) thrown at [./src/hotspot/share/interpreter/linkResolver.cpp, line 773]
Event: 5.131 Thread 0x0000022b6e2e4000 Exception <a 'java/lang/NoSuchMethodError'{0x0000000749a4d748}: 'java.lang.Object java.lang.invoke.DirectMethodHandle$Holder.invokeStatic(java.lang.Object, java.lang.Object, java.lang.Object, java.lang.Object, int)'> (0x0000000749a4d748) thrown at [./src/hotspot/share/interpreter/linkResolver.cpp, line 773]
Event: 5.479 Thread 0x0000022b6dd4c000 Exception <a 'java/lang/IncompatibleClassChangeError'{0x00000007493d07f8}: Found class java.lang.Object, but interface was expected> (0x00000007493d07f8) thrown at [./src/hotspot/share/interpreter/linkResolver.cpp, line 839]
Event: 5.695 Thread 0x0000022b6dd4c000 Exception <a 'java/lang/NoSuchMethodError'{0x0000000748e02c30}: 'void java.lang.invoke.DirectMethodHandle$Holder.invokeInterface(java.lang.Object, java.lang.Object, java.lang.Object, java.lang.Object)'> (0x0000000748e02c30) thrown at [./src/hotspot/share/interpreter/linkResolver.cpp, line 773]
Event: 6.477 Thread 0x0000022b6e2e4000 Exception <a 'java/lang/NoSuchMethodError'{0x00000007482e86a8}: 'long java.lang.invoke.DirectMethodHandle$Holder.invokeSpecial(java.lang.Object, java.lang.Object)'> (0x00000007482e86a8) thrown at [./src/hotspot/share/interpreter/linkResolver.cpp, line 773]
Event: 6.481 Thread 0x0000022b6e2e4000 Exception <a 'java/lang/NoSuchMethodError'{0x0000000748007a00}: 'long java.lang.invoke.DirectMethodHandle$Holder.invokeStatic(java.lang.Object, java.lang.Object)'> (0x0000000748007a00) thrown at [./src/hotspot/share/interpreter/linkResolver.cpp, line 773]
Event: 6.481 Thread 0x0000022b6e2e4000 Exception <a 'java/lang/NoSuchMethodError'{0x000000074800a828}: 'long java.lang.invoke.DirectMethodHandle$Holder.invokeStaticInit(java.lang.Object, java.lang.Object)'> (0x000000074800a828) thrown at [./src/hotspot/share/interpreter/linkResolver.cpp, line 773]
Event: 6.485 Thread 0x0000022b6e2e4000 Exception <a 'java/lang/NoSuchMethodError'{0x0000000748016c48}: 'long java.lang.invoke.DirectMethodHandle$Holder.invokeInterface(java.lang.Object, java.lang.Object)'> (0x0000000748016c48) thrown at [./src/hotspot/share/interpreter/linkResolver.cpp, line 773]
Event: 6.485 Thread 0x0000022b6e2e4000 Exception <a 'java/lang/IncompatibleClassChangeError'{0x00000007480199e0}: Found class java.lang.Object, but interface was expected> (0x00000007480199e0) thrown at [./src/hotspot/share/interpreter/linkResolver.cpp, line 839]
Event: 6.663 Thread 0x0000022b6e2e4000 Exception <a 'java/lang/NoSuchMethodError'{0x0000000747f16600}: 'java.lang.Object java.lang.invoke.DirectMethodHandle$Holder.invokeVirtual(java.lang.Object, java.lang.Object, java.lang.Object, java.lang.Object)'> (0x0000000747f16600) thrown at [./src/hotspot/share/interpreter/linkResolver.cpp, line 773]
Event: 8.865 Thread 0x0000022b6dd4c000 Exception <a 'java/lang/NoSuchMethodError'{0x000000074bf47798}: 'java.lang.Object java.lang.invoke.DirectMethodHandle$Holder.invokeSpecialIFC(java.lang.Object, java.lang.Object, java.lang.Object)'> (0x000000074bf47798) thrown at [./src/hotspot/share/interpreter/linkResolver.cpp, line 773]

Events (20 events):
Event: 8.881 loading class org/springframework/data/config/ParsingUtils
Event: 8.881 loading class org/springframework/data/config/ParsingUtils done
Event: 8.933 loading class org/springframework/beans/factory/parsing/BeanComponentDefinition
Event: 8.933 loading class org/springframework/beans/factory/parsing/BeanComponentDefinition done
Event: 8.934 loading class org/springframework/beans/factory/parsing/ComponentDefinition
Event: 8.934 loading class org/springframework/beans/factory/parsing/ComponentDefinition done
Event: 8.935 Executing VM operation: Deoptimize
Event: 8.935 Executing VM operation: Deoptimize done
Event: 8.936 loading class org/springframework/util/StopWatch$TaskInfo
Event: 8.936 loading class org/springframework/util/StopWatch$TaskInfo done
Event: 8.942 loading class org/springframework/boot/autoconfigure/data/jpa/JpaRepositoriesAutoConfiguration
Event: 8.942 loading class org/springframework/boot/autoconfigure/data/jpa/JpaRepositoriesAutoConfiguration done
Event: 8.943 loading class org/springframework/data/jpa/mapping/JpaMetamodelMappingContext
Event: 8.943 loading class org/springframework/data/jpa/mapping/JpaMetamodelMappingContext done
Event: 8.944 loading class org/springframework/data/mapping/context/AbstractMappingContext
Event: 8.944 loading class org/springframework/data/mapping/context/AbstractMappingContext done
Event: 8.945 loading class org/springframework/data/mapping/context/MappingContext
Event: 8.945 loading class org/springframework/data/mapping/context/MappingContext done
Event: 8.947 loading class org/springframework/data/jpa/util/JpaMetamodelCacheCleanup
Event: 8.947 loading class org/springframework/data/jpa/util/JpaMetamodelCacheCleanup done


Dynamic libraries:
0x00007ff7586e0000 - 0x00007ff7586ed000 	C:\Program Files\Amazon Corretto\jdk11.0.12_7\bin\java.exe
0x00007ffc065f0000 - 0x00007ffc067e5000 	C:\WINDOWS\SYSTEM32\ntdll.dll
0x00007ffc05880000 - 0x00007ffc0593d000 	C:\WINDOWS\System32\KERNEL32.DLL
0x00007ffc040d0000 - 0x00007ffc04399000 	C:\WINDOWS\System32\KERNELBASE.dll
0x00007ffc03f80000 - 0x00007ffc04080000 	C:\WINDOWS\System32\ucrtbase.dll
0x00007ffbfc960000 - 0x00007ffbfc977000 	C:\Program Files\Amazon Corretto\jdk11.0.12_7\bin\jli.dll
0x00007ffbfc940000 - 0x00007ffbfc959000 	C:\Program Files\Amazon Corretto\jdk11.0.12_7\bin\VCRUNTIME140.dll
0x00007ffc04910000 - 0x00007ffc04ab0000 	C:\WINDOWS\System32\USER32.dll
0x00007ffc04590000 - 0x00007ffc045b2000 	C:\WINDOWS\System32\win32u.dll
0x00007ffbe7ba0000 - 0x00007ffbe7e3a000 	C:\WINDOWS\WinSxS\amd64_microsoft.windows.common-controls_6595b64144ccf1df_6.0.19041.1110_none_60b5254171f9507e\COMCTL32.dll
0x00007ffc05e60000 - 0x00007ffc05e8a000 	C:\WINDOWS\System32\GDI32.dll
0x00007ffc061e0000 - 0x00007ffc0627e000 	C:\WINDOWS\System32\msvcrt.dll
0x00007ffc03dc0000 - 0x00007ffc03ecb000 	C:\WINDOWS\System32\gdi32full.dll
0x00007ffc045c0000 - 0x00007ffc0465d000 	C:\WINDOWS\System32\msvcp_win.dll
0x00007ffc04ab0000 - 0x00007ffc04ae0000 	C:\WINDOWS\System32\IMM32.DLL
0x00007ffbd76c0000 - 0x00007ffbd775b000 	C:\Program Files\Amazon Corretto\jdk11.0.12_7\bin\msvcp140.dll
0x00007ffbc9100000 - 0x00007ffbc9c5a000 	C:\Program Files\Amazon Corretto\jdk11.0.12_7\bin\server\jvm.dll
0x00007ffc06330000 - 0x00007ffc063dc000 	C:\WINDOWS\System32\ADVAPI32.dll
0x00007ffc05940000 - 0x00007ffc059db000 	C:\WINDOWS\System32\sechost.dll
0x00007ffc060b0000 - 0x00007ffc061da000 	C:\WINDOWS\System32\RPCRT4.dll
0x00007ffc04ef0000 - 0x00007ffc04ef8000 	C:\WINDOWS\System32\PSAPI.DLL
0x00007ffbdf020000 - 0x00007ffbdf047000 	C:\WINDOWS\SYSTEM32\WINMM.dll
0x00007ffbf08e0000 - 0x00007ffbf08e9000 	C:\WINDOWS\SYSTEM32\WSOCK32.dll
0x00007ffbf87d0000 - 0x00007ffbf87da000 	C:\WINDOWS\SYSTEM32\VERSION.dll
0x00007ffc05810000 - 0x00007ffc0587b000 	C:\WINDOWS\System32\WS2_32.dll
0x00007ffc02600000 - 0x00007ffc02612000 	C:\WINDOWS\SYSTEM32\kernel.appcore.dll
0x00007ffc00510000 - 0x00007ffc00520000 	C:\Program Files\Amazon Corretto\jdk11.0.12_7\bin\verify.dll
0x00007ffc02310000 - 0x00007ffc024f4000 	C:\WINDOWS\SYSTEM32\DBGHELP.DLL
0x00007ffbefa20000 - 0x00007ffbefa4c000 	C:\WINDOWS\SYSTEM32\dbgcore.DLL
0x00007ffc043a0000 - 0x00007ffc04423000 	C:\WINDOWS\System32\bcryptPrimitives.dll
0x00007ffbfc790000 - 0x00007ffbfc7b8000 	C:\Program Files\Amazon Corretto\jdk11.0.12_7\bin\java.dll
0x00007ffbfef60000 - 0x00007ffbfef6a000 	C:\Program Files\Amazon Corretto\jdk11.0.12_7\bin\jimage.dll
0x00007ffbfbcb0000 - 0x00007ffbfbcc7000 	C:\Program Files\Amazon Corretto\jdk11.0.12_7\bin\zip.dll
0x00007ffc04f70000 - 0x00007ffc056af000 	C:\WINDOWS\System32\SHELL32.dll
0x00007ffc01a50000 - 0x00007ffc021e1000 	C:\WINDOWS\SYSTEM32\windows.storage.dll
0x00007ffc04ae0000 - 0x00007ffc04e35000 	C:\WINDOWS\System32\combase.dll
0x00007ffc037a0000 - 0x00007ffc037cc000 	C:\WINDOWS\SYSTEM32\Wldp.dll
0x00007ffc04e40000 - 0x00007ffc04eee000 	C:\WINDOWS\System32\SHCORE.dll
0x00007ffc05e90000 - 0x00007ffc05ee5000 	C:\WINDOWS\System32\shlwapi.dll
0x00007ffc03c70000 - 0x00007ffc03c8f000 	C:\WINDOWS\SYSTEM32\profapi.dll
0x00007ffbfb800000 - 0x00007ffbfb819000 	C:\Program Files\Amazon Corretto\jdk11.0.12_7\bin\net.dll
0x00007ffbf5d90000 - 0x00007ffbf5e9a000 	C:\WINDOWS\SYSTEM32\WINHTTP.dll
0x00007ffc03450000 - 0x00007ffc034ba000 	C:\WINDOWS\system32\mswsock.dll
0x00007ffbf57d0000 - 0x00007ffbf57e2000 	C:\Program Files\Amazon Corretto\jdk11.0.12_7\bin\nio.dll
0x00007ffbfefa0000 - 0x00007ffbfefa9000 	C:\Program Files\Amazon Corretto\jdk11.0.12_7\bin\management.dll
0x00007ffbfef90000 - 0x00007ffbfef9b000 	C:\Program Files\Amazon Corretto\jdk11.0.12_7\bin\management_ext.dll
0x00007ffbe8b50000 - 0x00007ffbe8b67000 	C:\WINDOWS\system32\napinsp.dll
0x00007ffbe8b30000 - 0x00007ffbe8b4b000 	C:\WINDOWS\system32\pnrpnsp.dll
0x00007ffbfe350000 - 0x00007ffbfe365000 	C:\WINDOWS\system32\wshbth.dll
0x00007ffbfee40000 - 0x00007ffbfee5d000 	C:\WINDOWS\system32\NLAapi.dll
0x00007ffc03150000 - 0x00007ffc0318b000 	C:\WINDOWS\SYSTEM32\IPHLPAPI.DLL
0x00007ffc03190000 - 0x00007ffc0325c000 	C:\WINDOWS\SYSTEM32\DNSAPI.dll
0x00007ffc05e50000 - 0x00007ffc05e58000 	C:\WINDOWS\System32\NSI.dll
0x00007ffbe8b10000 - 0x00007ffbe8b22000 	C:\WINDOWS\System32\winrnr.dll
0x00007ffbf2cf0000 - 0x00007ffbf2cfa000 	C:\Windows\System32\rasadhlp.dll
0x00007ffbf4b20000 - 0x00007ffbf4b9f000 	C:\WINDOWS\System32\fwpuclnt.dll
0x00007ffc03d30000 - 0x00007ffc03d57000 	C:\WINDOWS\System32\bcrypt.dll

dbghelp: loaded successfully - version: 4.0.5 - missing functions: none
symbol engine: initialized successfully - sym options: 0x614 - pdb path: .;C:\Program Files\Amazon Corretto\jdk11.0.12_7\bin;C:\WINDOWS\SYSTEM32;C:\WINDOWS\WinSxS\amd64_microsoft.windows.common-controls_6595b64144ccf1df_6.0.19041.1110_none_60b5254171f9507e;C:\Program Files\Amazon Corretto\jdk11.0.12_7\bin\server

VM Arguments:
jvm_args: -Dfile.encoding=UTF-8 
java_command: com.auric.spring.auric.AuricApplication
java_class_path (initial): F:\sprboot\auric\target\classes;C:\Users\kisho\.m2\repository\org\springframework\boot\spring-boot-starter-web\2.5.3\spring-boot-starter-web-2.5.3.jar;C:\Users\kisho\.m2\repository\org\springframework\boot\spring-boot-starter\2.5.3\spring-boot-starter-2.5.3.jar;C:\Users\kisho\.m2\repository\org\springframework\boot\spring-boot-starter-logging\2.5.3\spring-boot-starter-logging-2.5.3.jar;C:\Users\kisho\.m2\repository\ch\qos\logback\logback-classic\1.2.4\logback-classic-1.2.4.jar;C:\Users\kisho\.m2\repository\ch\qos\logback\logback-core\1.2.4\logback-core-1.2.4.jar;C:\Users\kisho\.m2\repository\org\apache\logging\log4j\log4j-to-slf4j\2.14.1\log4j-to-slf4j-2.14.1.jar;C:\Users\kisho\.m2\repository\org\apache\logging\log4j\log4j-api\2.14.1\log4j-api-2.14.1.jar;C:\Users\kisho\.m2\repository\org\slf4j\jul-to-slf4j\1.7.32\jul-to-slf4j-1.7.32.jar;C:\Users\kisho\.m2\repository\jakarta\annotation\jakarta.annotation-api\1.3.5\jakarta.annotation-api-1.3.5.jar;C:\Users\kisho\.m2\repository\org\yaml\snakeyaml\1.28\snakeyaml-1.28.jar;C:\Users\kisho\.m2\repository\org\springframework\boot\spring-boot-starter-json\2.5.3\spring-boot-starter-json-2.5.3.jar;C:\Users\kisho\.m2\repository\com\fasterxml\jackson\datatype\jackson-datatype-jdk8\2.12.4\jackson-datatype-jdk8-2.12.4.jar;C:\Users\kisho\.m2\repository\com\fasterxml\jackson\datatype\jackson-datatype-jsr310\2.12.4\jackson-datatype-jsr310-2.12.4.jar;C:\Users\kisho\.m2\repository\com\fasterxml\jackson\module\jackson-module-parameter-names\2.12.4\jackson-module-parameter-names-2.12.4.jar;C:\Users\kisho\.m2\repository\org\springframework\boot\spring-boot-starter-tomcat\2.5.3\spring-boot-starter-tomcat-2.5.3.jar;C:\Users\kisho\.m2\repository\org\apache\tomcat\embed\tomcat-embed-core\9.0.50\tomcat-embed-core-9.0.50.jar;C:\Users\kisho\.m2\repository\org\apache\tomcat\embed\tomcat-embed-websocket\9.0.50\tomcat-embed-websocket-9.0.50.jar;C:\Users\kisho\.m2\repository\org\springframework\spring-web\5.3.9\spring-web
Launcher Type: SUN_STANDARD

[Global flags]
     intx CICompilerCount                          = 3                                         {product} {ergonomic}
     uint ConcGCThreads                            = 1                                         {product} {ergonomic}
     uint G1ConcRefinementThreads                  = 4                                         {product} {ergonomic}
   size_t G1HeapRegionSize                         = 1048576                                   {product} {ergonomic}
    uintx GCDrainStackTargetSize                   = 64                                        {product} {ergonomic}
   size_t InitialHeapSize                          = 201326592                                 {product} {ergonomic}
   size_t MarkStackSize                            = 4194304                                   {product} {ergonomic}
   size_t MaxHeapSize                              = 3198156800                                {product} {ergonomic}
   size_t MaxNewSize                               = 1918894080                                {product} {ergonomic}
   size_t MinHeapDeltaBytes                        = 1048576                                   {product} {ergonomic}
    uintx NonNMethodCodeHeapSize                   = 5830732                                {pd product} {ergonomic}
    uintx NonProfiledCodeHeapSize                  = 122913754                              {pd product} {ergonomic}
    uintx ProfiledCodeHeapSize                     = 122913754                              {pd product} {ergonomic}
    uintx ReservedCodeCacheSize                    = 251658240                              {pd product} {ergonomic}
     bool SegmentedCodeCache                       = true                                      {product} {ergonomic}
     bool UseCompressedClassPointers               = true                                 {lp64_product} {ergonomic}
     bool UseCompressedOops                        = true                                 {lp64_product} {ergonomic}
     bool UseG1GC                                  = true                                      {product} {ergonomic}
     bool UseLargePagesIndividualAllocation        = false                                  {pd product} {ergonomic}

Logging:
Log output configuration:
 #0: stdout all=warning uptime,level,tags
 #1: stderr all=off uptime,level,tags

Environment Variables:
JAVA_HOME=C:\Program Files\Amazon Corretto\jdk11.0.12_7
CLASSPATH=C:\apache-tomcat-8.0.27-windows-x86\apache-tomcat-8.0.27\lib\servlet-api.jar
PATH=C:\Program Files\Amazon Corretto\jdk11.0.12_7\bin;C:\Program Files (x86)\Common Files\Oracle\Java\javapath;C:\Program Files\nodejs\;C:\Program Files\Amazon Corretto\jdk11.0.12_7\bin;C:\Program Files\apache-maven-3.8.1\bin;C:\Windows\System32;C:\Program Files\Microsoft VS Code\bin;C:\Users\kisho\AppData\Local\Microsoft\WindowsApps;C:\Users\kisho\AppData\Local\Programs\Python\Python39;C:\Users\kisho\AppData\Local\Programs\Python\Python39\Scripts;C:\Program Files\JetBrains\PyCharm Community Edition 2020.2.3\bin;C:\Users\kisho\AppData\Local\Microsoft\WindowsApps;C:\Users\kisho\AppData\Roaming\npm;C:\Users\kisho\AppData\Local\GitHubDesktop\bin;C:\Program Files\Java\jdk-11.0.10\bin;C:\Program Files\Java\apache-maven-3.8.1\bin
USERNAME=kisho
LANG=en_US.UTF-8
OS=Windows_NT
PROCESSOR_IDENTIFIER=Intel64 Family 6 Model 142 Stepping 10, GenuineIntel



---------------  S Y S T E M  ---------------

OS: Windows 10 , 64 bit Build 19041 (10.0.19041.1023)
OS uptime: 0 days 0:48 hours
Hyper-V role detected

CPU:total 4 (initial active 4) (2 cores per cpu, 2 threads per core) family 6 model 142 stepping 10 microcode 0xe0, cmov, cx8, fxsr, mmx, sse, sse2, sse3, ssse3, sse4.1, sse4.2, popcnt, avx, avx2, aes, clmul, erms, 3dnowpref, lzcnt, ht, tsc, tscinvbit, bmi1, bmi2, adx, fma

Memory: 4k page, system-wide physical 12197M (2078M free)
TotalPageFile size 12197M (AvailPageFile size 208M)
current process WorkingSet (physical memory assigned to process): 216M, peak: 216M
current process commit charge ("private bytes"): 338M, peak: 340M

vm_info: OpenJDK 64-Bit Server VM (11.0.12+7-LTS) for windows-amd64 JRE (11.0.12+7-LTS), built on Jul 13 2021 17:58:36 by "Administrator" with unknown MS VC++:1916

END.
